[0.834s] Invoking command in '/home/tema/turtlebot3_ws/build/dynamixel_sdk': CMAKE_PREFIX_PATH=/opt/ros/foxy /usr/bin/cmake /home/tema/turtlebot3_ws/src/DynamixelSDK/dynamixel_sdk -DAMENT_CMAKE_SYMLINK_INSTALL=1 -DCMAKE_INSTALL_PREFIX=/home/tema/turtlebot3_ws/install/dynamixel_sdk
[1.071s] -- The C compiler identification is GNU 9.4.0
[1.228s] -- The CXX compiler identification is GNU 9.4.0
[1.233s] -- Check for working C compiler: /usr/bin/cc
[1.363s] -- Check for working C compiler: /usr/bin/cc -- works
[1.364s] -- Detecting C compiler ABI info
[1.487s] -- Detecting C compiler ABI info - done
[1.498s] -- Detecting C compile features
[1.499s] -- Detecting C compile features - done
[1.501s] -- Check for working CXX compiler: /usr/bin/c++
[1.602s] -- Check for working CXX compiler: /usr/bin/c++ -- works
[1.603s] -- Detecting CXX compiler ABI info
[1.744s] -- Detecting CXX compiler ABI info - done
[1.755s] -- Detecting CXX compile features
[1.756s] -- Detecting CXX compile features - done
[1.758s] -- Found ament_cmake: 0.9.12 (/opt/ros/foxy/share/ament_cmake/cmake)
[1.783s] -- Found PythonInterp: /usr/bin/python3 (found suitable version "3.8.10", minimum required is "3") 
[1.784s] -- Using PYTHON_EXECUTABLE: /usr/bin/python3
[2.226s] -- Override CMake install command with custom implementation using symlinks instead of copying resources
[2.393s] -- Configuring done
[2.399s] -- Generating done
[2.400s] -- Build files have been written to: /home/tema/turtlebot3_ws/build/dynamixel_sdk
[2.411s] Invoked command in '/home/tema/turtlebot3_ws/build/dynamixel_sdk' returned '0': CMAKE_PREFIX_PATH=/opt/ros/foxy /usr/bin/cmake /home/tema/turtlebot3_ws/src/DynamixelSDK/dynamixel_sdk -DAMENT_CMAKE_SYMLINK_INSTALL=1 -DCMAKE_INSTALL_PREFIX=/home/tema/turtlebot3_ws/install/dynamixel_sdk
[2.412s] Invoking command in '/home/tema/turtlebot3_ws/build/dynamixel_sdk': CMAKE_PREFIX_PATH=/opt/ros/foxy /usr/bin/cmake --build /home/tema/turtlebot3_ws/build/dynamixel_sdk -- -j6 -l6
[2.491s] [35m[1mScanning dependencies of target dynamixel_sdk[0m
[2.498s] [ 10%] [32mBuilding CXX object CMakeFiles/dynamixel_sdk.dir/src/dynamixel_sdk/packet_handler.cpp.o[0m
[2.507s] [ 20%] [32mBuilding CXX object CMakeFiles/dynamixel_sdk.dir/src/dynamixel_sdk/protocol1_packet_handler.cpp.o[0m
[2.529s] [ 30%] [32mBuilding CXX object CMakeFiles/dynamixel_sdk.dir/src/dynamixel_sdk/protocol2_packet_handler.cpp.o[0m
[2.552s] [ 40%] [32mBuilding CXX object CMakeFiles/dynamixel_sdk.dir/src/dynamixel_sdk/group_sync_read.cpp.o[0m
[2.583s] [ 50%] [32mBuilding CXX object CMakeFiles/dynamixel_sdk.dir/src/dynamixel_sdk/group_bulk_read.cpp.o[0m
[2.594s] [ 60%] [32mBuilding CXX object CMakeFiles/dynamixel_sdk.dir/src/dynamixel_sdk/group_sync_write.cpp.o[0m
[2.799s] [ 70%] [32mBuilding CXX object CMakeFiles/dynamixel_sdk.dir/src/dynamixel_sdk/group_bulk_write.cpp.o[0m
[3.066s] [ 80%] [32mBuilding CXX object CMakeFiles/dynamixel_sdk.dir/src/dynamixel_sdk/port_handler.cpp.o[0m
[3.168s] [ 90%] [32mBuilding CXX object CMakeFiles/dynamixel_sdk.dir/src/dynamixel_sdk/port_handler_linux.cpp.o[0m
[3.919s] [100%] [32m[1mLinking CXX shared library libdynamixel_sdk.so[0m
[4.082s] [100%] Built target dynamixel_sdk
[4.437s] Invoked command in '/home/tema/turtlebot3_ws/build/dynamixel_sdk' returned '0': CMAKE_PREFIX_PATH=/opt/ros/foxy /usr/bin/cmake --build /home/tema/turtlebot3_ws/build/dynamixel_sdk -- -j6 -l6
[5.942s] Invoking command in '/home/tema/turtlebot3_ws/build/dynamixel_sdk': CMAKE_PREFIX_PATH=/opt/ros/foxy /usr/bin/cmake --install /home/tema/turtlebot3_ws/build/dynamixel_sdk
[5.976s] -- Install configuration: ""
[5.976s] -- Execute custom install script
[5.977s] -- Symlinking: /home/tema/turtlebot3_ws/install/dynamixel_sdk/include//dynamixel_sdk/dynamixel_sdk.h
[6.001s] -- Symlinking: /home/tema/turtlebot3_ws/install/dynamixel_sdk/include//dynamixel_sdk/group_bulk_read.h
[6.026s] -- Symlinking: /home/tema/turtlebot3_ws/install/dynamixel_sdk/include//dynamixel_sdk/group_bulk_write.h
[6.054s] -- Symlinking: /home/tema/turtlebot3_ws/install/dynamixel_sdk/include//dynamixel_sdk/group_sync_read.h
[6.074s] -- Symlinking: /home/tema/turtlebot3_ws/install/dynamixel_sdk/include//dynamixel_sdk/group_sync_write.h
[6.109s] -- Symlinking: /home/tema/turtlebot3_ws/install/dynamixel_sdk/include//dynamixel_sdk/packet_handler.h
[6.139s] -- Symlinking: /home/tema/turtlebot3_ws/install/dynamixel_sdk/include//dynamixel_sdk/port_handler.h
[6.162s] -- Symlinking: /home/tema/turtlebot3_ws/install/dynamixel_sdk/include//dynamixel_sdk/port_handler_arduino.h
[6.199s] -- Symlinking: /home/tema/turtlebot3_ws/install/dynamixel_sdk/include//dynamixel_sdk/port_handler_linux.h
[6.235s] -- Symlinking: /home/tema/turtlebot3_ws/install/dynamixel_sdk/include//dynamixel_sdk/port_handler_mac.h
[6.264s] -- Symlinking: /home/tema/turtlebot3_ws/install/dynamixel_sdk/include//dynamixel_sdk/port_handler_windows.h
[6.307s] -- Symlinking: /home/tema/turtlebot3_ws/install/dynamixel_sdk/include//dynamixel_sdk/protocol1_packet_handler.h
[6.337s] -- Symlinking: /home/tema/turtlebot3_ws/install/dynamixel_sdk/include//dynamixel_sdk/protocol2_packet_handler.h
[6.366s] -- Symlinking: /home/tema/turtlebot3_ws/install/dynamixel_sdk/lib/libdynamixel_sdk.so
[6.384s] -- Symlinking: /home/tema/turtlebot3_ws/install/dynamixel_sdk/share/dynamixel_sdk/environment/library_path.sh
[6.406s] -- Symlinking: /home/tema/turtlebot3_ws/install/dynamixel_sdk/share/dynamixel_sdk/environment/library_path.dsv
[6.435s] -- Symlinking: /home/tema/turtlebot3_ws/install/dynamixel_sdk/share/ament_index/resource_index/package_run_dependencies/dynamixel_sdk
[6.471s] -- Symlinking: /home/tema/turtlebot3_ws/install/dynamixel_sdk/share/ament_index/resource_index/parent_prefix_path/dynamixel_sdk
[6.492s] -- Symlinking: /home/tema/turtlebot3_ws/install/dynamixel_sdk/share/dynamixel_sdk/environment/ament_prefix_path.sh
[6.517s] -- Symlinking: /home/tema/turtlebot3_ws/install/dynamixel_sdk/share/dynamixel_sdk/environment/ament_prefix_path.dsv
[6.543s] -- Symlinking: /home/tema/turtlebot3_ws/install/dynamixel_sdk/share/dynamixel_sdk/environment/path.sh
[6.571s] -- Symlinking: /home/tema/turtlebot3_ws/install/dynamixel_sdk/share/dynamixel_sdk/environment/path.dsv
[6.595s] -- Symlinking: /home/tema/turtlebot3_ws/install/dynamixel_sdk/share/dynamixel_sdk/local_setup.bash
[6.621s] -- Symlinking: /home/tema/turtlebot3_ws/install/dynamixel_sdk/share/dynamixel_sdk/local_setup.sh
[6.644s] -- Symlinking: /home/tema/turtlebot3_ws/install/dynamixel_sdk/share/dynamixel_sdk/local_setup.zsh
[6.667s] -- Symlinking: /home/tema/turtlebot3_ws/install/dynamixel_sdk/share/dynamixel_sdk/local_setup.dsv
[6.693s] -- Symlinking: /home/tema/turtlebot3_ws/install/dynamixel_sdk/share/dynamixel_sdk/package.dsv
[6.716s] -- Symlinking: /home/tema/turtlebot3_ws/install/dynamixel_sdk/share/ament_index/resource_index/packages/dynamixel_sdk
[6.746s] -- Symlinking: /home/tema/turtlebot3_ws/install/dynamixel_sdk/share/dynamixel_sdk/cmake/ament_cmake_export_include_directories-extras.cmake
[6.766s] -- Symlinking: /home/tema/turtlebot3_ws/install/dynamixel_sdk/share/dynamixel_sdk/cmake/ament_cmake_export_libraries-extras.cmake
[6.788s] -- Symlinking: /home/tema/turtlebot3_ws/install/dynamixel_sdk/share/dynamixel_sdk/cmake/dynamixel_sdkConfig.cmake
[6.806s] -- Symlinking: /home/tema/turtlebot3_ws/install/dynamixel_sdk/share/dynamixel_sdk/cmake/dynamixel_sdkConfig-version.cmake
[6.859s] -- Symlinking: /home/tema/turtlebot3_ws/install/dynamixel_sdk/share/dynamixel_sdk/package.xml
[6.891s] Invoked command in '/home/tema/turtlebot3_ws/build/dynamixel_sdk' returned '0': CMAKE_PREFIX_PATH=/opt/ros/foxy /usr/bin/cmake --install /home/tema/turtlebot3_ws/build/dynamixel_sdk
