[0.457s] Invoking command in '/home/tema/turtlebot3_ws/build/dynamixel_sdk_custom_interfaces': CMAKE_PREFIX_PATH=/opt/ros/foxy /usr/bin/cmake /home/tema/turtlebot3_ws/src/DynamixelSDK/dynamixel_sdk_custom_interfaces -DAMENT_CMAKE_SYMLINK_INSTALL=1 -DCMAKE_INSTALL_PREFIX=/home/tema/turtlebot3_ws/install/dynamixel_sdk_custom_interfaces
[0.632s] -- The C compiler identification is GNU 9.4.0
[0.780s] -- The CXX compiler identification is GNU 9.4.0
[0.791s] -- Check for working C compiler: /usr/bin/cc
[0.932s] -- Check for working C compiler: /usr/bin/cc -- works
[0.933s] -- Detecting C compiler ABI info
[1.038s] -- Detecting C compiler ABI info - done
[1.050s] -- Detecting C compile features
[1.051s] -- Detecting C compile features - done
[1.053s] -- Check for working CXX compiler: /usr/bin/c++
[1.169s] -- Check for working CXX compiler: /usr/bin/c++ -- works
[1.171s] -- Detecting CXX compiler ABI info
[1.332s] -- Detecting CXX compiler ABI info - done
[1.351s] -- Detecting CXX compile features
[1.352s] -- Detecting CXX compile features - done
[1.354s] -- Found ament_cmake: 0.9.12 (/opt/ros/foxy/share/ament_cmake/cmake)
[1.415s] -- Found PythonInterp: /usr/bin/python3 (found suitable version "3.8.10", minimum required is "3") 
[1.416s] -- Using PYTHON_EXECUTABLE: /usr/bin/python3
[1.807s] -- Override CMake install command with custom implementation using symlinks instead of copying resources
[1.850s] -- Found builtin_interfaces: 1.0.0 (/opt/ros/foxy/share/builtin_interfaces/cmake)
[1.883s] -- Using all available rosidl_typesupport_c: rosidl_typesupport_fastrtps_c;rosidl_typesupport_introspection_c
[1.889s] -- Found rosidl_adapter: 1.3.1 (/opt/ros/foxy/share/rosidl_adapter/cmake)
[2.045s] -- Found OpenSSL: /usr/lib/x86_64-linux-gnu/libcrypto.so (found version "1.1.1f")  
[2.081s] -- Found FastRTPS: /opt/ros/foxy/include  
[2.255s] -- Using all available rosidl_typesupport_cpp: rosidl_typesupport_fastrtps_cpp;rosidl_typesupport_introspection_cpp
[2.348s] -- Found rosidl_default_generators: 1.0.1 (/opt/ros/foxy/share/rosidl_default_generators/cmake)
[2.440s] -- Found PythonInterp: /usr/bin/python3 (found version "3.8.10") 
[2.934s] -- Found ament_cmake_ros: 0.9.2 (/opt/ros/foxy/share/ament_cmake_ros/cmake)
[3.215s] -- Using all available rosidl_typesupport_c: rosidl_typesupport_fastrtps_c;rosidl_typesupport_introspection_c
[3.283s] -- Using all available rosidl_typesupport_cpp: rosidl_typesupport_fastrtps_cpp;rosidl_typesupport_introspection_cpp
[3.295s] -- Found PythonInterp: /usr/bin/python3 (found suitable version "3.8.10", minimum required is "3.5") 
[3.295s] -- Found python_cmake_module: 0.8.1 (/opt/ros/foxy/share/python_cmake_module/cmake)
[3.383s] -- Found PythonLibs: /usr/lib/x86_64-linux-gnu/libpython3.8.so (found suitable version "3.8.10", minimum required is "3.5") 
[3.384s] -- Using PYTHON_EXECUTABLE: /usr/bin/python3
[3.384s] -- Using PYTHON_INCLUDE_DIRS: /usr/include/python3.8
[3.384s] -- Using PYTHON_LIBRARIES: /usr/lib/x86_64-linux-gnu/libpython3.8.so
[3.479s] -- Found PythonExtra: .so  
[3.558s] -- Configuring done
[3.593s] -- Generating done
[3.593s] -- Build files have been written to: /home/tema/turtlebot3_ws/build/dynamixel_sdk_custom_interfaces
[4.011s] Invoked command in '/home/tema/turtlebot3_ws/build/dynamixel_sdk_custom_interfaces' returned '0': CMAKE_PREFIX_PATH=/opt/ros/foxy /usr/bin/cmake /home/tema/turtlebot3_ws/src/DynamixelSDK/dynamixel_sdk_custom_interfaces -DAMENT_CMAKE_SYMLINK_INSTALL=1 -DCMAKE_INSTALL_PREFIX=/home/tema/turtlebot3_ws/install/dynamixel_sdk_custom_interfaces
[4.012s] Invoking command in '/home/tema/turtlebot3_ws/build/dynamixel_sdk_custom_interfaces': CMAKE_PREFIX_PATH=/opt/ros/foxy /usr/bin/cmake --build /home/tema/turtlebot3_ws/build/dynamixel_sdk_custom_interfaces -- -j6 -l6
[4.227s] [35m[1mScanning dependencies of target dynamixel_sdk_custom_interfaces__cpp[0m
[4.227s] [  2%] [34m[1mGenerating C code for ROS interfaces[0m
[4.227s] [  5%] [34m[1mGenerating C++ code for ROS interfaces[0m
[4.571s] [  5%] Built target dynamixel_sdk_custom_interfaces__cpp
[4.599s] [  7%] [34m[1mGenerating C++ type support dispatch for ROS interfaces[0m
[4.635s] [ 10%] [34m[1mGenerating C++ introspection for ROS interfaces[0m
[4.635s] [35m[1mScanning dependencies of target dynamixel_sdk_custom_interfaces__rosidl_generator_c[0m
[4.635s] [ 12%] [34m[1mGenerating C++ type support for eProsima Fast-RTPS[0m
[4.638s] [ 15%] [32mBuilding C object CMakeFiles/dynamixel_sdk_custom_interfaces__rosidl_generator_c.dir/rosidl_generator_c/dynamixel_sdk_custom_interfaces/msg/detail/set_position__functions.c.o[0m
[4.658s] [ 17%] [32mBuilding C object CMakeFiles/dynamixel_sdk_custom_interfaces__rosidl_generator_c.dir/rosidl_generator_c/dynamixel_sdk_custom_interfaces/srv/detail/get_position__functions.c.o[0m
[4.816s] [ 20%] [32m[1mLinking C shared library libdynamixel_sdk_custom_interfaces__rosidl_generator_c.so[0m
[4.898s] [ 20%] Built target dynamixel_sdk_custom_interfaces__rosidl_generator_c
[4.950s] [ 23%] [34m[1mGenerating C type support dispatch for ROS interfaces[0m
[4.950s] [ 25%] [34m[1mGenerating C introspection for ROS interfaces[0m
[5.011s] [35m[1mScanning dependencies of target dynamixel_sdk_custom_interfaces__rosidl_typesupport_cpp[0m
[5.050s] [ 30%] [32mBuilding CXX object CMakeFiles/dynamixel_sdk_custom_interfaces__rosidl_typesupport_cpp.dir/rosidl_typesupport_cpp/dynamixel_sdk_custom_interfaces/msg/set_position__type_support.cpp.o[0m
[5.050s] [ 30%] [32mBuilding CXX object CMakeFiles/dynamixel_sdk_custom_interfaces__rosidl_typesupport_cpp.dir/rosidl_typesupport_cpp/dynamixel_sdk_custom_interfaces/srv/get_position__type_support.cpp.o[0m
[5.171s] [35m[1mScanning dependencies of target dynamixel_sdk_custom_interfaces__rosidl_typesupport_introspection_cpp[0m
[5.200s] [35m[1mScanning dependencies of target dynamixel_sdk_custom_interfaces__rosidl_typesupport_fastrtps_cpp[0m
[5.203s] [ 33%] [32mBuilding CXX object CMakeFiles/dynamixel_sdk_custom_interfaces__rosidl_typesupport_introspection_cpp.dir/rosidl_typesupport_introspection_cpp/dynamixel_sdk_custom_interfaces/msg/detail/set_position__type_support.cpp.o[0m
[5.251s] [ 35%] [32mBuilding CXX object CMakeFiles/dynamixel_sdk_custom_interfaces__rosidl_typesupport_fastrtps_cpp.dir/rosidl_typesupport_fastrtps_cpp/dynamixel_sdk_custom_interfaces/msg/detail/dds_fastrtps/set_position__type_support.cpp.o[0m
[5.517s] [35m[1mScanning dependencies of target dynamixel_sdk_custom_interfaces__rosidl_typesupport_c[0m
[5.557s] [ 38%] [32mBuilding CXX object CMakeFiles/dynamixel_sdk_custom_interfaces__rosidl_typesupport_fastrtps_cpp.dir/rosidl_typesupport_fastrtps_cpp/dynamixel_sdk_custom_interfaces/srv/detail/dds_fastrtps/get_position__type_support.cpp.o[0m
[5.570s] [ 41%] [32mBuilding CXX object CMakeFiles/dynamixel_sdk_custom_interfaces__rosidl_typesupport_c.dir/rosidl_typesupport_c/dynamixel_sdk_custom_interfaces/msg/set_position__type_support.cpp.o[0m
[5.688s] [ 43%] [32mBuilding CXX object CMakeFiles/dynamixel_sdk_custom_interfaces__rosidl_typesupport_c.dir/rosidl_typesupport_c/dynamixel_sdk_custom_interfaces/srv/get_position__type_support.cpp.o[0m
[5.757s] [ 46%] [32m[1mLinking CXX shared library libdynamixel_sdk_custom_interfaces__rosidl_typesupport_cpp.so[0m
[5.807s] [ 48%] [32m[1mLinking CXX shared library libdynamixel_sdk_custom_interfaces__rosidl_typesupport_c.so[0m
[5.866s] [ 48%] Built target dynamixel_sdk_custom_interfaces__rosidl_typesupport_cpp
[5.922s] [ 51%] [32mBuilding CXX object CMakeFiles/dynamixel_sdk_custom_interfaces__rosidl_typesupport_introspection_cpp.dir/rosidl_typesupport_introspection_cpp/dynamixel_sdk_custom_interfaces/srv/detail/get_position__type_support.cpp.o[0m
[5.936s] [ 51%] Built target dynamixel_sdk_custom_interfaces__rosidl_typesupport_c
[5.962s] [35m[1mScanning dependencies of target dynamixel_sdk_custom_interfaces__rosidl_typesupport_introspection_c[0m
[6.040s] [ 53%] [32mBuilding C object CMakeFiles/dynamixel_sdk_custom_interfaces__rosidl_typesupport_introspection_c.dir/rosidl_typesupport_introspection_c/dynamixel_sdk_custom_interfaces/msg/detail/set_position__type_support.c.o[0m
[6.054s] [ 56%] [32mBuilding C object CMakeFiles/dynamixel_sdk_custom_interfaces__rosidl_typesupport_introspection_c.dir/rosidl_typesupport_introspection_c/dynamixel_sdk_custom_interfaces/srv/detail/get_position__type_support.c.o[0m
[6.155s] [ 58%] [32m[1mLinking C shared library libdynamixel_sdk_custom_interfaces__rosidl_typesupport_introspection_c.so[0m
[6.247s] [ 58%] Built target dynamixel_sdk_custom_interfaces__rosidl_typesupport_introspection_c
[6.496s] [ 61%] [32m[1mLinking CXX shared library libdynamixel_sdk_custom_interfaces__rosidl_typesupport_introspection_cpp.so[0m
[6.594s] [ 61%] Built target dynamixel_sdk_custom_interfaces__rosidl_typesupport_introspection_cpp
[6.661s] [ 64%] [32m[1mLinking CXX shared library libdynamixel_sdk_custom_interfaces__rosidl_typesupport_fastrtps_cpp.so[0m
[6.916s] [ 64%] Built target dynamixel_sdk_custom_interfaces__rosidl_typesupport_fastrtps_cpp
[6.991s] [ 66%] [34m[1mGenerating C type support for eProsima Fast-RTPS[0m
[7.609s] [35m[1mScanning dependencies of target dynamixel_sdk_custom_interfaces__rosidl_typesupport_fastrtps_c[0m
[7.675s] [ 69%] [32mBuilding CXX object CMakeFiles/dynamixel_sdk_custom_interfaces__rosidl_typesupport_fastrtps_c.dir/rosidl_typesupport_fastrtps_c/dynamixel_sdk_custom_interfaces/msg/detail/set_position__type_support_c.cpp.o[0m
[7.695s] [ 71%] [32mBuilding CXX object CMakeFiles/dynamixel_sdk_custom_interfaces__rosidl_typesupport_fastrtps_c.dir/rosidl_typesupport_fastrtps_c/dynamixel_sdk_custom_interfaces/srv/detail/get_position__type_support_c.cpp.o[0m
[8.500s] [ 74%] [32m[1mLinking CXX shared library libdynamixel_sdk_custom_interfaces__rosidl_typesupport_fastrtps_c.so[0m
[8.756s] [ 74%] Built target dynamixel_sdk_custom_interfaces__rosidl_typesupport_fastrtps_c
[8.806s] [35m[1mScanning dependencies of target dynamixel_sdk_custom_interfaces[0m
[8.850s] [ 74%] Built target dynamixel_sdk_custom_interfaces
[8.892s] [35m[1mScanning dependencies of target dynamixel_sdk_custom_interfaces__py[0m
[8.939s] [ 76%] [34m[1mGenerating Python code for ROS interfaces[0m
[10.183s] [ 76%] Built target dynamixel_sdk_custom_interfaces__py
[10.220s] [35m[1mScanning dependencies of target dynamixel_sdk_custom_interfaces__python[0m
[10.331s] [ 79%] [32mBuilding C object CMakeFiles/dynamixel_sdk_custom_interfaces__python.dir/rosidl_generator_py/dynamixel_sdk_custom_interfaces/msg/_set_position_s.c.o[0m
[10.335s] [ 82%] [32mBuilding C object CMakeFiles/dynamixel_sdk_custom_interfaces__python.dir/rosidl_generator_py/dynamixel_sdk_custom_interfaces/srv/_get_position_s.c.o[0m
[10.580s] [ 84%] [32m[1mLinking C shared library rosidl_generator_py/dynamixel_sdk_custom_interfaces/libdynamixel_sdk_custom_interfaces__python.so[0m
[10.714s] [ 84%] Built target dynamixel_sdk_custom_interfaces__python
[10.758s] [35m[1mScanning dependencies of target dynamixel_sdk_custom_interfaces__rosidl_typesupport_c__pyext[0m
[10.763s] [35m[1mScanning dependencies of target dynamixel_sdk_custom_interfaces__rosidl_typesupport_introspection_c__pyext[0m
[10.776s] [35m[1mScanning dependencies of target dynamixel_sdk_custom_interfaces__rosidl_typesupport_fastrtps_c__pyext[0m
[10.827s] [ 87%] [32mBuilding C object CMakeFiles/dynamixel_sdk_custom_interfaces__rosidl_typesupport_introspection_c__pyext.dir/rosidl_generator_py/dynamixel_sdk_custom_interfaces/_dynamixel_sdk_custom_interfaces_s.ep.rosidl_typesupport_introspection_c.c.o[0m
[10.845s] [ 89%] [32mBuilding C object CMakeFiles/dynamixel_sdk_custom_interfaces__rosidl_typesupport_c__pyext.dir/rosidl_generator_py/dynamixel_sdk_custom_interfaces/_dynamixel_sdk_custom_interfaces_s.ep.rosidl_typesupport_c.c.o[0m
[10.856s] [ 92%] [32mBuilding C object CMakeFiles/dynamixel_sdk_custom_interfaces__rosidl_typesupport_fastrtps_c__pyext.dir/rosidl_generator_py/dynamixel_sdk_custom_interfaces/_dynamixel_sdk_custom_interfaces_s.ep.rosidl_typesupport_fastrtps_c.c.o[0m
[10.991s] [ 94%] [32m[1mLinking C shared library rosidl_generator_py/dynamixel_sdk_custom_interfaces/dynamixel_sdk_custom_interfaces_s__rosidl_typesupport_introspection_c.cpython-38-x86_64-linux-gnu.so[0m
[11.059s] [ 97%] [32m[1mLinking CXX shared library rosidl_generator_py/dynamixel_sdk_custom_interfaces/dynamixel_sdk_custom_interfaces_s__rosidl_typesupport_fastrtps_c.cpython-38-x86_64-linux-gnu.so[0m
[11.072s] [ 97%] Built target dynamixel_sdk_custom_interfaces__rosidl_typesupport_introspection_c__pyext
[11.077s] [100%] [32m[1mLinking C shared library rosidl_generator_py/dynamixel_sdk_custom_interfaces/dynamixel_sdk_custom_interfaces_s__rosidl_typesupport_c.cpython-38-x86_64-linux-gnu.so[0m
[11.122s] [100%] Built target dynamixel_sdk_custom_interfaces__rosidl_typesupport_c__pyext
[11.134s] [100%] Built target dynamixel_sdk_custom_interfaces__rosidl_typesupport_fastrtps_c__pyext
[11.144s] Invoked command in '/home/tema/turtlebot3_ws/build/dynamixel_sdk_custom_interfaces' returned '0': CMAKE_PREFIX_PATH=/opt/ros/foxy /usr/bin/cmake --build /home/tema/turtlebot3_ws/build/dynamixel_sdk_custom_interfaces -- -j6 -l6
[11.263s] Invoking command in '/home/tema/turtlebot3_ws/build/dynamixel_sdk_custom_interfaces': CMAKE_PREFIX_PATH=/opt/ros/foxy /usr/bin/cmake --install /home/tema/turtlebot3_ws/build/dynamixel_sdk_custom_interfaces
[11.273s] -- Install configuration: ""
[11.274s] -- Execute custom install script
[11.274s] -- Symlinking: /home/tema/turtlebot3_ws/install/dynamixel_sdk_custom_interfaces/share/ament_index/resource_index/rosidl_interfaces/dynamixel_sdk_custom_interfaces
[11.289s] -- Symlinking: /home/tema/turtlebot3_ws/install/dynamixel_sdk_custom_interfaces/include/dynamixel_sdk_custom_interfaces/msg/detail/set_position__functions.h
[11.297s] -- Symlinking: /home/tema/turtlebot3_ws/install/dynamixel_sdk_custom_interfaces/include/dynamixel_sdk_custom_interfaces/msg/detail/set_position__struct.h
[11.305s] -- Symlinking: /home/tema/turtlebot3_ws/install/dynamixel_sdk_custom_interfaces/include/dynamixel_sdk_custom_interfaces/msg/detail/set_position__type_support.h
[11.313s] -- Symlinking: /home/tema/turtlebot3_ws/install/dynamixel_sdk_custom_interfaces/include/dynamixel_sdk_custom_interfaces/msg/rosidl_generator_c__visibility_control.h
[11.321s] -- Symlinking: /home/tema/turtlebot3_ws/install/dynamixel_sdk_custom_interfaces/include/dynamixel_sdk_custom_interfaces/msg/set_position.h
[11.328s] -- Symlinking: /home/tema/turtlebot3_ws/install/dynamixel_sdk_custom_interfaces/include/dynamixel_sdk_custom_interfaces/srv/detail/get_position__functions.h
[11.335s] -- Symlinking: /home/tema/turtlebot3_ws/install/dynamixel_sdk_custom_interfaces/include/dynamixel_sdk_custom_interfaces/srv/detail/get_position__struct.h
[11.342s] -- Symlinking: /home/tema/turtlebot3_ws/install/dynamixel_sdk_custom_interfaces/include/dynamixel_sdk_custom_interfaces/srv/detail/get_position__type_support.h
[11.350s] -- Symlinking: /home/tema/turtlebot3_ws/install/dynamixel_sdk_custom_interfaces/include/dynamixel_sdk_custom_interfaces/srv/get_position.h
[11.357s] -- Symlinking: /home/tema/turtlebot3_ws/install/dynamixel_sdk_custom_interfaces/share/dynamixel_sdk_custom_interfaces/environment/library_path.sh
[11.364s] -- Symlinking: /home/tema/turtlebot3_ws/install/dynamixel_sdk_custom_interfaces/share/dynamixel_sdk_custom_interfaces/environment/library_path.dsv
[11.372s] -- Symlinking: /home/tema/turtlebot3_ws/install/dynamixel_sdk_custom_interfaces/include/dynamixel_sdk_custom_interfaces/msg/detail/set_position__rosidl_typesupport_fastrtps_c.h
[11.380s] -- Symlinking: /home/tema/turtlebot3_ws/install/dynamixel_sdk_custom_interfaces/include/dynamixel_sdk_custom_interfaces/msg/rosidl_typesupport_fastrtps_c__visibility_control.h
[11.389s] -- Symlinking: /home/tema/turtlebot3_ws/install/dynamixel_sdk_custom_interfaces/include/dynamixel_sdk_custom_interfaces/srv/detail/get_position__rosidl_typesupport_fastrtps_c.h
[11.397s] -- Symlinking: /home/tema/turtlebot3_ws/install/dynamixel_sdk_custom_interfaces/lib/libdynamixel_sdk_custom_interfaces__rosidl_typesupport_fastrtps_c.so
[11.410s] -- Symlinking: /home/tema/turtlebot3_ws/install/dynamixel_sdk_custom_interfaces/include/dynamixel_sdk_custom_interfaces/msg/detail/set_position__rosidl_typesupport_fastrtps_cpp.hpp
[11.419s] -- Symlinking: /home/tema/turtlebot3_ws/install/dynamixel_sdk_custom_interfaces/include/dynamixel_sdk_custom_interfaces/msg/rosidl_typesupport_fastrtps_cpp__visibility_control.h
[11.431s] -- Symlinking: /home/tema/turtlebot3_ws/install/dynamixel_sdk_custom_interfaces/include/dynamixel_sdk_custom_interfaces/srv/detail/get_position__rosidl_typesupport_fastrtps_cpp.hpp
[11.440s] -- Symlinking: /home/tema/turtlebot3_ws/install/dynamixel_sdk_custom_interfaces/lib/libdynamixel_sdk_custom_interfaces__rosidl_typesupport_fastrtps_cpp.so
[11.452s] -- Symlinking: /home/tema/turtlebot3_ws/install/dynamixel_sdk_custom_interfaces/include/dynamixel_sdk_custom_interfaces/msg/detail/set_position__rosidl_typesupport_introspection_c.h
[11.460s] -- Symlinking: /home/tema/turtlebot3_ws/install/dynamixel_sdk_custom_interfaces/include/dynamixel_sdk_custom_interfaces/msg/rosidl_typesupport_introspection_c__visibility_control.h
[11.473s] -- Symlinking: /home/tema/turtlebot3_ws/install/dynamixel_sdk_custom_interfaces/include/dynamixel_sdk_custom_interfaces/srv/detail/get_position__rosidl_typesupport_introspection_c.h
[11.481s] -- Symlinking: /home/tema/turtlebot3_ws/install/dynamixel_sdk_custom_interfaces/include/dynamixel_sdk_custom_interfaces/msg/detail/set_position__builder.hpp
[11.494s] -- Symlinking: /home/tema/turtlebot3_ws/install/dynamixel_sdk_custom_interfaces/include/dynamixel_sdk_custom_interfaces/msg/detail/set_position__struct.hpp
[11.504s] -- Symlinking: /home/tema/turtlebot3_ws/install/dynamixel_sdk_custom_interfaces/include/dynamixel_sdk_custom_interfaces/msg/detail/set_position__traits.hpp
[11.515s] -- Symlinking: /home/tema/turtlebot3_ws/install/dynamixel_sdk_custom_interfaces/include/dynamixel_sdk_custom_interfaces/msg/detail/set_position__type_support.hpp
[11.523s] -- Symlinking: /home/tema/turtlebot3_ws/install/dynamixel_sdk_custom_interfaces/include/dynamixel_sdk_custom_interfaces/msg/rosidl_generator_cpp__visibility_control.hpp
[11.531s] -- Symlinking: /home/tema/turtlebot3_ws/install/dynamixel_sdk_custom_interfaces/include/dynamixel_sdk_custom_interfaces/msg/set_position.hpp
[11.540s] -- Symlinking: /home/tema/turtlebot3_ws/install/dynamixel_sdk_custom_interfaces/include/dynamixel_sdk_custom_interfaces/srv/detail/get_position__builder.hpp
[11.547s] -- Symlinking: /home/tema/turtlebot3_ws/install/dynamixel_sdk_custom_interfaces/include/dynamixel_sdk_custom_interfaces/srv/detail/get_position__struct.hpp
[11.556s] -- Symlinking: /home/tema/turtlebot3_ws/install/dynamixel_sdk_custom_interfaces/include/dynamixel_sdk_custom_interfaces/srv/detail/get_position__traits.hpp
[11.564s] -- Symlinking: /home/tema/turtlebot3_ws/install/dynamixel_sdk_custom_interfaces/include/dynamixel_sdk_custom_interfaces/srv/detail/get_position__type_support.hpp
[11.577s] -- Symlinking: /home/tema/turtlebot3_ws/install/dynamixel_sdk_custom_interfaces/include/dynamixel_sdk_custom_interfaces/srv/get_position.hpp
[11.589s] -- Symlinking: /home/tema/turtlebot3_ws/install/dynamixel_sdk_custom_interfaces/include/dynamixel_sdk_custom_interfaces/msg/detail/set_position__rosidl_typesupport_introspection_cpp.hpp
[11.599s] -- Symlinking: /home/tema/turtlebot3_ws/install/dynamixel_sdk_custom_interfaces/include/dynamixel_sdk_custom_interfaces/srv/detail/get_position__rosidl_typesupport_introspection_cpp.hpp
[11.608s] -- Symlinking: /home/tema/turtlebot3_ws/install/dynamixel_sdk_custom_interfaces/share/dynamixel_sdk_custom_interfaces/environment/pythonpath.sh
[11.620s] -- Symlinking: /home/tema/turtlebot3_ws/install/dynamixel_sdk_custom_interfaces/share/dynamixel_sdk_custom_interfaces/environment/pythonpath.dsv
[11.629s] -- Symlinking: /home/tema/turtlebot3_ws/install/dynamixel_sdk_custom_interfaces/lib/python3.8/site-packages/dynamixel_sdk_custom_interfaces/__init__.py
[11.637s] -- Symlinking: /home/tema/turtlebot3_ws/install/dynamixel_sdk_custom_interfaces/lib/python3.8/site-packages/dynamixel_sdk_custom_interfaces/msg/__init__.py
[11.644s] -- Symlinking: /home/tema/turtlebot3_ws/install/dynamixel_sdk_custom_interfaces/lib/python3.8/site-packages/dynamixel_sdk_custom_interfaces/msg/_set_position.py
[11.660s] -- Symlinking: /home/tema/turtlebot3_ws/install/dynamixel_sdk_custom_interfaces/lib/python3.8/site-packages/dynamixel_sdk_custom_interfaces/srv/__init__.py
[11.669s] -- Symlinking: /home/tema/turtlebot3_ws/install/dynamixel_sdk_custom_interfaces/lib/python3.8/site-packages/dynamixel_sdk_custom_interfaces/srv/_get_position.py
[11.677s] -- Symlinking: /home/tema/turtlebot3_ws/install/dynamixel_sdk_custom_interfaces/lib/python3.8/site-packages/dynamixel_sdk_custom_interfaces/dynamixel_sdk_custom_interfaces_s__rosidl_typesupport_fastrtps_c.cpython-38-x86_64-linux-gnu.so
[11.691s] -- Symlinking: /home/tema/turtlebot3_ws/install/dynamixel_sdk_custom_interfaces/lib/python3.8/site-packages/dynamixel_sdk_custom_interfaces/dynamixel_sdk_custom_interfaces_s__rosidl_typesupport_introspection_c.cpython-38-x86_64-linux-gnu.so
[11.702s] -- Symlinking: /home/tema/turtlebot3_ws/install/dynamixel_sdk_custom_interfaces/lib/python3.8/site-packages/dynamixel_sdk_custom_interfaces/dynamixel_sdk_custom_interfaces_s__rosidl_typesupport_c.cpython-38-x86_64-linux-gnu.so
[11.720s] -- Symlinking: /home/tema/turtlebot3_ws/install/dynamixel_sdk_custom_interfaces/lib/libdynamixel_sdk_custom_interfaces__python.so
[11.733s] -- Symlinking: /home/tema/turtlebot3_ws/install/dynamixel_sdk_custom_interfaces/share/dynamixel_sdk_custom_interfaces/msg/SetPosition.idl
[11.743s] -- Symlinking: /home/tema/turtlebot3_ws/install/dynamixel_sdk_custom_interfaces/share/dynamixel_sdk_custom_interfaces/srv/GetPosition.idl
[11.754s] -- Symlinking: /home/tema/turtlebot3_ws/install/dynamixel_sdk_custom_interfaces/share/dynamixel_sdk_custom_interfaces/msg/SetPosition.msg
[11.762s] -- Symlinking: /home/tema/turtlebot3_ws/install/dynamixel_sdk_custom_interfaces/share/dynamixel_sdk_custom_interfaces/srv/GetPosition.srv
[11.772s] -- Symlinking: /home/tema/turtlebot3_ws/install/dynamixel_sdk_custom_interfaces/share/dynamixel_sdk_custom_interfaces/srv/GetPosition_Request.msg
[11.785s] -- Symlinking: /home/tema/turtlebot3_ws/install/dynamixel_sdk_custom_interfaces/share/dynamixel_sdk_custom_interfaces/srv/GetPosition_Response.msg
[11.794s] -- Symlinking: /home/tema/turtlebot3_ws/install/dynamixel_sdk_custom_interfaces/share/ament_index/resource_index/package_run_dependencies/dynamixel_sdk_custom_interfaces
[11.803s] -- Symlinking: /home/tema/turtlebot3_ws/install/dynamixel_sdk_custom_interfaces/share/ament_index/resource_index/parent_prefix_path/dynamixel_sdk_custom_interfaces
[11.812s] -- Symlinking: /home/tema/turtlebot3_ws/install/dynamixel_sdk_custom_interfaces/share/dynamixel_sdk_custom_interfaces/environment/ament_prefix_path.sh
[11.821s] -- Symlinking: /home/tema/turtlebot3_ws/install/dynamixel_sdk_custom_interfaces/share/dynamixel_sdk_custom_interfaces/environment/ament_prefix_path.dsv
[11.828s] -- Symlinking: /home/tema/turtlebot3_ws/install/dynamixel_sdk_custom_interfaces/share/dynamixel_sdk_custom_interfaces/environment/path.sh
[11.838s] -- Symlinking: /home/tema/turtlebot3_ws/install/dynamixel_sdk_custom_interfaces/share/dynamixel_sdk_custom_interfaces/environment/path.dsv
[11.846s] -- Symlinking: /home/tema/turtlebot3_ws/install/dynamixel_sdk_custom_interfaces/share/dynamixel_sdk_custom_interfaces/local_setup.bash
[11.854s] -- Symlinking: /home/tema/turtlebot3_ws/install/dynamixel_sdk_custom_interfaces/share/dynamixel_sdk_custom_interfaces/local_setup.sh
[11.862s] -- Symlinking: /home/tema/turtlebot3_ws/install/dynamixel_sdk_custom_interfaces/share/dynamixel_sdk_custom_interfaces/local_setup.zsh
[11.871s] -- Symlinking: /home/tema/turtlebot3_ws/install/dynamixel_sdk_custom_interfaces/share/dynamixel_sdk_custom_interfaces/local_setup.dsv
[11.878s] -- Symlinking: /home/tema/turtlebot3_ws/install/dynamixel_sdk_custom_interfaces/share/dynamixel_sdk_custom_interfaces/package.dsv
[11.887s] -- Symlinking: /home/tema/turtlebot3_ws/install/dynamixel_sdk_custom_interfaces/share/ament_index/resource_index/packages/dynamixel_sdk_custom_interfaces
[11.894s] -- Symlinking: /home/tema/turtlebot3_ws/install/dynamixel_sdk_custom_interfaces/share/dynamixel_sdk_custom_interfaces/cmake/rosidl_cmake-extras.cmake
[11.903s] -- Symlinking: /home/tema/turtlebot3_ws/install/dynamixel_sdk_custom_interfaces/share/dynamixel_sdk_custom_interfaces/cmake/ament_cmake_export_dependencies-extras.cmake
[11.911s] -- Symlinking: /home/tema/turtlebot3_ws/install/dynamixel_sdk_custom_interfaces/share/dynamixel_sdk_custom_interfaces/cmake/ament_cmake_export_libraries-extras.cmake
[11.919s] -- Symlinking: /home/tema/turtlebot3_ws/install/dynamixel_sdk_custom_interfaces/share/dynamixel_sdk_custom_interfaces/cmake/ament_cmake_export_targets-extras.cmake
[11.931s] -- Symlinking: /home/tema/turtlebot3_ws/install/dynamixel_sdk_custom_interfaces/share/dynamixel_sdk_custom_interfaces/cmake/ament_cmake_export_include_directories-extras.cmake
[11.943s] -- Symlinking: /home/tema/turtlebot3_ws/install/dynamixel_sdk_custom_interfaces/share/dynamixel_sdk_custom_interfaces/cmake/rosidl_cmake_export_typesupport_libraries-extras.cmake
[11.958s] -- Symlinking: /home/tema/turtlebot3_ws/install/dynamixel_sdk_custom_interfaces/share/dynamixel_sdk_custom_interfaces/cmake/rosidl_cmake_export_typesupport_targets-extras.cmake
[11.966s] -- Symlinking: /home/tema/turtlebot3_ws/install/dynamixel_sdk_custom_interfaces/share/dynamixel_sdk_custom_interfaces/cmake/dynamixel_sdk_custom_interfacesConfig.cmake
[11.977s] -- Symlinking: /home/tema/turtlebot3_ws/install/dynamixel_sdk_custom_interfaces/share/dynamixel_sdk_custom_interfaces/cmake/dynamixel_sdk_custom_interfacesConfig-version.cmake
[11.993s] -- Symlinking: /home/tema/turtlebot3_ws/install/dynamixel_sdk_custom_interfaces/share/dynamixel_sdk_custom_interfaces/package.xml
[12.006s] -- Installing: /home/tema/turtlebot3_ws/install/dynamixel_sdk_custom_interfaces/lib/libdynamixel_sdk_custom_interfaces__rosidl_generator_c.so
[12.007s] -- Set runtime path of "/home/tema/turtlebot3_ws/install/dynamixel_sdk_custom_interfaces/lib/libdynamixel_sdk_custom_interfaces__rosidl_generator_c.so" to ""
[12.008s] -- Installing: /home/tema/turtlebot3_ws/install/dynamixel_sdk_custom_interfaces/lib/libdynamixel_sdk_custom_interfaces__rosidl_typesupport_introspection_c.so
[12.008s] -- Set runtime path of "/home/tema/turtlebot3_ws/install/dynamixel_sdk_custom_interfaces/lib/libdynamixel_sdk_custom_interfaces__rosidl_typesupport_introspection_c.so" to ""
[12.009s] -- Installing: /home/tema/turtlebot3_ws/install/dynamixel_sdk_custom_interfaces/lib/libdynamixel_sdk_custom_interfaces__rosidl_typesupport_c.so
[12.011s] -- Set runtime path of "/home/tema/turtlebot3_ws/install/dynamixel_sdk_custom_interfaces/lib/libdynamixel_sdk_custom_interfaces__rosidl_typesupport_c.so" to ""
[12.011s] -- Installing: /home/tema/turtlebot3_ws/install/dynamixel_sdk_custom_interfaces/lib/libdynamixel_sdk_custom_interfaces__rosidl_typesupport_introspection_cpp.so
[12.013s] -- Set runtime path of "/home/tema/turtlebot3_ws/install/dynamixel_sdk_custom_interfaces/lib/libdynamixel_sdk_custom_interfaces__rosidl_typesupport_introspection_cpp.so" to ""
[12.013s] -- Installing: /home/tema/turtlebot3_ws/install/dynamixel_sdk_custom_interfaces/lib/libdynamixel_sdk_custom_interfaces__rosidl_typesupport_cpp.so
[12.014s] -- Set runtime path of "/home/tema/turtlebot3_ws/install/dynamixel_sdk_custom_interfaces/lib/libdynamixel_sdk_custom_interfaces__rosidl_typesupport_cpp.so" to ""
[12.063s] Compiling '/home/tema/turtlebot3_ws/install/dynamixel_sdk_custom_interfaces/lib/python3.8/site-packages/dynamixel_sdk_custom_interfaces/__init__.py'...
[12.067s] -- Installing: /home/tema/turtlebot3_ws/install/dynamixel_sdk_custom_interfaces/share/dynamixel_sdk_custom_interfaces/cmake/dynamixel_sdk_custom_interfaces__rosidl_generator_cExport.cmake
[12.067s] -- Installing: /home/tema/turtlebot3_ws/install/dynamixel_sdk_custom_interfaces/share/dynamixel_sdk_custom_interfaces/cmake/dynamixel_sdk_custom_interfaces__rosidl_generator_cExport-noconfig.cmake
[12.067s] -- Installing: /home/tema/turtlebot3_ws/install/dynamixel_sdk_custom_interfaces/share/dynamixel_sdk_custom_interfaces/cmake/dynamixel_sdk_custom_interfaces__rosidl_typesupport_introspection_cExport.cmake
[12.068s] -- Installing: /home/tema/turtlebot3_ws/install/dynamixel_sdk_custom_interfaces/share/dynamixel_sdk_custom_interfaces/cmake/dynamixel_sdk_custom_interfaces__rosidl_typesupport_introspection_cExport-noconfig.cmake
[12.069s] -- Installing: /home/tema/turtlebot3_ws/install/dynamixel_sdk_custom_interfaces/share/dynamixel_sdk_custom_interfaces/cmake/dynamixel_sdk_custom_interfaces__rosidl_typesupport_cExport.cmake
[12.069s] -- Installing: /home/tema/turtlebot3_ws/install/dynamixel_sdk_custom_interfaces/share/dynamixel_sdk_custom_interfaces/cmake/dynamixel_sdk_custom_interfaces__rosidl_typesupport_cExport-noconfig.cmake
[12.069s] -- Installing: /home/tema/turtlebot3_ws/install/dynamixel_sdk_custom_interfaces/share/dynamixel_sdk_custom_interfaces/cmake/dynamixel_sdk_custom_interfaces__rosidl_generator_cppExport.cmake
[12.070s] -- Installing: /home/tema/turtlebot3_ws/install/dynamixel_sdk_custom_interfaces/share/dynamixel_sdk_custom_interfaces/cmake/dynamixel_sdk_custom_interfaces__rosidl_typesupport_introspection_cppExport.cmake
[12.070s] -- Installing: /home/tema/turtlebot3_ws/install/dynamixel_sdk_custom_interfaces/share/dynamixel_sdk_custom_interfaces/cmake/dynamixel_sdk_custom_interfaces__rosidl_typesupport_introspection_cppExport-noconfig.cmake
[12.070s] -- Installing: /home/tema/turtlebot3_ws/install/dynamixel_sdk_custom_interfaces/share/dynamixel_sdk_custom_interfaces/cmake/dynamixel_sdk_custom_interfaces__rosidl_typesupport_cppExport.cmake
[12.081s] -- Installing: /home/tema/turtlebot3_ws/install/dynamixel_sdk_custom_interfaces/share/dynamixel_sdk_custom_interfaces/cmake/dynamixel_sdk_custom_interfaces__rosidl_typesupport_cppExport-noconfig.cmake
[12.081s] Invoked command in '/home/tema/turtlebot3_ws/build/dynamixel_sdk_custom_interfaces' returned '0': CMAKE_PREFIX_PATH=/opt/ros/foxy /usr/bin/cmake --install /home/tema/turtlebot3_ws/build/dynamixel_sdk_custom_interfaces
