[0.190s] Invoking command in '/home/tema/turtlebot3_ws/build/turtlebot3': AMENT_PREFIX_PATH=/home/tema/turtlebot3_ws/install/turtlebot3_bringup:/home/tema/turtlebot3_ws/install/turtlebot3_node:/home/tema/turtlebot3_ws/install/turtlebot3_example:/home/tema/turtlebot3_ws/install/turtlebot3_teleop:/home/tema/turtlebot3_ws/install/turtlebot3_navigation2:/home/tema/turtlebot3_ws/install/turtlebot3_msgs:/home/tema/turtlebot3_ws/install/turtlebot3_description:/home/tema/turtlebot3_ws/install/turtlebot3_cartographer:/home/tema/turtlebot3_ws/install/dynamixel_sdk:${AMENT_PREFIX_PATH} CMAKE_PREFIX_PATH=/home/tema/turtlebot3_ws/install/turtlebot3_bringup:/home/tema/turtlebot3_ws/install/turtlebot3_node:/home/tema/turtlebot3_ws/install/turtlebot3_navigation2:/home/tema/turtlebot3_ws/install/turtlebot3_msgs:/home/tema/turtlebot3_ws/install/turtlebot3_description:/home/tema/turtlebot3_ws/install/turtlebot3_cartographer:/home/tema/turtlebot3_ws/install/dynamixel_sdk:/opt/ros/foxy LD_LIBRARY_PATH=/home/tema/turtlebot3_ws/install/turtlebot3_msgs/lib:/home/tema/turtlebot3_ws/install/dynamixel_sdk/lib:${LD_LIBRARY_PATH} PYTHONPATH=/home/tema/turtlebot3_ws/build/turtlebot3_example:/home/tema/turtlebot3_ws/install/turtlebot3_example/lib/python3.8/site-packages:/home/tema/turtlebot3_ws/build/turtlebot3_teleop:/home/tema/turtlebot3_ws/install/turtlebot3_teleop/lib/python3.8/site-packages:/home/tema/turtlebot3_ws/install/turtlebot3_msgs/lib/python3.8/site-packages:${PYTHONPATH} /usr/bin/cmake /home/tema/turtlebot3_ws/src/turtlebot3/turtlebot3 -DAMENT_CMAKE_SYMLINK_INSTALL=1 -DCMAKE_INSTALL_PREFIX=/home/tema/turtlebot3_ws/install/turtlebot3
[0.254s] -- The C compiler identification is GNU 9.4.0
[0.313s] -- The CXX compiler identification is GNU 9.4.0
[0.320s] -- Check for working C compiler: /usr/bin/cc
[0.415s] -- Check for working C compiler: /usr/bin/cc -- works
[0.415s] -- Detecting C compiler ABI info
[0.514s] -- Detecting C compiler ABI info - done
[0.531s] -- Detecting C compile features
[0.531s] -- Detecting C compile features - done
[0.534s] -- Check for working CXX compiler: /usr/bin/c++
[0.631s] -- Check for working CXX compiler: /usr/bin/c++ -- works
[0.632s] -- Detecting CXX compiler ABI info
[0.721s] -- Detecting CXX compiler ABI info - done
[0.736s] -- Detecting CXX compile features
[0.736s] -- Detecting CXX compile features - done
[0.739s] -- Found ament_cmake: 0.9.12 (/opt/ros/foxy/share/ament_cmake/cmake)
[0.774s] -- Found PythonInterp: /usr/bin/python3 (found suitable version "3.8.10", minimum required is "3") 
[0.774s] -- Using PYTHON_EXECUTABLE: /usr/bin/python3
[0.972s] -- Override CMake install command with custom implementation using symlinks instead of copying resources
[1.087s] -- Configuring done
[1.090s] -- Generating done
[1.091s] -- Build files have been written to: /home/tema/turtlebot3_ws/build/turtlebot3
[1.099s] Invoked command in '/home/tema/turtlebot3_ws/build/turtlebot3' returned '0': AMENT_PREFIX_PATH=/home/tema/turtlebot3_ws/install/turtlebot3_bringup:/home/tema/turtlebot3_ws/install/turtlebot3_node:/home/tema/turtlebot3_ws/install/turtlebot3_example:/home/tema/turtlebot3_ws/install/turtlebot3_teleop:/home/tema/turtlebot3_ws/install/turtlebot3_navigation2:/home/tema/turtlebot3_ws/install/turtlebot3_msgs:/home/tema/turtlebot3_ws/install/turtlebot3_description:/home/tema/turtlebot3_ws/install/turtlebot3_cartographer:/home/tema/turtlebot3_ws/install/dynamixel_sdk:${AMENT_PREFIX_PATH} CMAKE_PREFIX_PATH=/home/tema/turtlebot3_ws/install/turtlebot3_bringup:/home/tema/turtlebot3_ws/install/turtlebot3_node:/home/tema/turtlebot3_ws/install/turtlebot3_navigation2:/home/tema/turtlebot3_ws/install/turtlebot3_msgs:/home/tema/turtlebot3_ws/install/turtlebot3_description:/home/tema/turtlebot3_ws/install/turtlebot3_cartographer:/home/tema/turtlebot3_ws/install/dynamixel_sdk:/opt/ros/foxy LD_LIBRARY_PATH=/home/tema/turtlebot3_ws/install/turtlebot3_msgs/lib:/home/tema/turtlebot3_ws/install/dynamixel_sdk/lib:${LD_LIBRARY_PATH} PYTHONPATH=/home/tema/turtlebot3_ws/build/turtlebot3_example:/home/tema/turtlebot3_ws/install/turtlebot3_example/lib/python3.8/site-packages:/home/tema/turtlebot3_ws/build/turtlebot3_teleop:/home/tema/turtlebot3_ws/install/turtlebot3_teleop/lib/python3.8/site-packages:/home/tema/turtlebot3_ws/install/turtlebot3_msgs/lib/python3.8/site-packages:${PYTHONPATH} /usr/bin/cmake /home/tema/turtlebot3_ws/src/turtlebot3/turtlebot3 -DAMENT_CMAKE_SYMLINK_INSTALL=1 -DCMAKE_INSTALL_PREFIX=/home/tema/turtlebot3_ws/install/turtlebot3
[1.100s] Invoking command in '/home/tema/turtlebot3_ws/build/turtlebot3': AMENT_PREFIX_PATH=/home/tema/turtlebot3_ws/install/turtlebot3_bringup:/home/tema/turtlebot3_ws/install/turtlebot3_node:/home/tema/turtlebot3_ws/install/turtlebot3_example:/home/tema/turtlebot3_ws/install/turtlebot3_teleop:/home/tema/turtlebot3_ws/install/turtlebot3_navigation2:/home/tema/turtlebot3_ws/install/turtlebot3_msgs:/home/tema/turtlebot3_ws/install/turtlebot3_description:/home/tema/turtlebot3_ws/install/turtlebot3_cartographer:/home/tema/turtlebot3_ws/install/dynamixel_sdk:${AMENT_PREFIX_PATH} CMAKE_PREFIX_PATH=/home/tema/turtlebot3_ws/install/turtlebot3_bringup:/home/tema/turtlebot3_ws/install/turtlebot3_node:/home/tema/turtlebot3_ws/install/turtlebot3_navigation2:/home/tema/turtlebot3_ws/install/turtlebot3_msgs:/home/tema/turtlebot3_ws/install/turtlebot3_description:/home/tema/turtlebot3_ws/install/turtlebot3_cartographer:/home/tema/turtlebot3_ws/install/dynamixel_sdk:/opt/ros/foxy LD_LIBRARY_PATH=/home/tema/turtlebot3_ws/install/turtlebot3_msgs/lib:/home/tema/turtlebot3_ws/install/dynamixel_sdk/lib:${LD_LIBRARY_PATH} PYTHONPATH=/home/tema/turtlebot3_ws/build/turtlebot3_example:/home/tema/turtlebot3_ws/install/turtlebot3_example/lib/python3.8/site-packages:/home/tema/turtlebot3_ws/build/turtlebot3_teleop:/home/tema/turtlebot3_ws/install/turtlebot3_teleop/lib/python3.8/site-packages:/home/tema/turtlebot3_ws/install/turtlebot3_msgs/lib/python3.8/site-packages:${PYTHONPATH} /usr/bin/cmake --build /home/tema/turtlebot3_ws/build/turtlebot3 -- -j6 -l6
[1.137s] Invoked command in '/home/tema/turtlebot3_ws/build/turtlebot3' returned '0': AMENT_PREFIX_PATH=/home/tema/turtlebot3_ws/install/turtlebot3_bringup:/home/tema/turtlebot3_ws/install/turtlebot3_node:/home/tema/turtlebot3_ws/install/turtlebot3_example:/home/tema/turtlebot3_ws/install/turtlebot3_teleop:/home/tema/turtlebot3_ws/install/turtlebot3_navigation2:/home/tema/turtlebot3_ws/install/turtlebot3_msgs:/home/tema/turtlebot3_ws/install/turtlebot3_description:/home/tema/turtlebot3_ws/install/turtlebot3_cartographer:/home/tema/turtlebot3_ws/install/dynamixel_sdk:${AMENT_PREFIX_PATH} CMAKE_PREFIX_PATH=/home/tema/turtlebot3_ws/install/turtlebot3_bringup:/home/tema/turtlebot3_ws/install/turtlebot3_node:/home/tema/turtlebot3_ws/install/turtlebot3_navigation2:/home/tema/turtlebot3_ws/install/turtlebot3_msgs:/home/tema/turtlebot3_ws/install/turtlebot3_description:/home/tema/turtlebot3_ws/install/turtlebot3_cartographer:/home/tema/turtlebot3_ws/install/dynamixel_sdk:/opt/ros/foxy LD_LIBRARY_PATH=/home/tema/turtlebot3_ws/install/turtlebot3_msgs/lib:/home/tema/turtlebot3_ws/install/dynamixel_sdk/lib:${LD_LIBRARY_PATH} PYTHONPATH=/home/tema/turtlebot3_ws/build/turtlebot3_example:/home/tema/turtlebot3_ws/install/turtlebot3_example/lib/python3.8/site-packages:/home/tema/turtlebot3_ws/build/turtlebot3_teleop:/home/tema/turtlebot3_ws/install/turtlebot3_teleop/lib/python3.8/site-packages:/home/tema/turtlebot3_ws/install/turtlebot3_msgs/lib/python3.8/site-packages:${PYTHONPATH} /usr/bin/cmake --build /home/tema/turtlebot3_ws/build/turtlebot3 -- -j6 -l6
[1.171s] Invoking command in '/home/tema/turtlebot3_ws/build/turtlebot3': AMENT_PREFIX_PATH=/home/tema/turtlebot3_ws/install/turtlebot3_bringup:/home/tema/turtlebot3_ws/install/turtlebot3_node:/home/tema/turtlebot3_ws/install/turtlebot3_example:/home/tema/turtlebot3_ws/install/turtlebot3_teleop:/home/tema/turtlebot3_ws/install/turtlebot3_navigation2:/home/tema/turtlebot3_ws/install/turtlebot3_msgs:/home/tema/turtlebot3_ws/install/turtlebot3_description:/home/tema/turtlebot3_ws/install/turtlebot3_cartographer:/home/tema/turtlebot3_ws/install/dynamixel_sdk:${AMENT_PREFIX_PATH} CMAKE_PREFIX_PATH=/home/tema/turtlebot3_ws/install/turtlebot3_bringup:/home/tema/turtlebot3_ws/install/turtlebot3_node:/home/tema/turtlebot3_ws/install/turtlebot3_navigation2:/home/tema/turtlebot3_ws/install/turtlebot3_msgs:/home/tema/turtlebot3_ws/install/turtlebot3_description:/home/tema/turtlebot3_ws/install/turtlebot3_cartographer:/home/tema/turtlebot3_ws/install/dynamixel_sdk:/opt/ros/foxy LD_LIBRARY_PATH=/home/tema/turtlebot3_ws/install/turtlebot3_msgs/lib:/home/tema/turtlebot3_ws/install/dynamixel_sdk/lib:${LD_LIBRARY_PATH} PYTHONPATH=/home/tema/turtlebot3_ws/build/turtlebot3_example:/home/tema/turtlebot3_ws/install/turtlebot3_example/lib/python3.8/site-packages:/home/tema/turtlebot3_ws/build/turtlebot3_teleop:/home/tema/turtlebot3_ws/install/turtlebot3_teleop/lib/python3.8/site-packages:/home/tema/turtlebot3_ws/install/turtlebot3_msgs/lib/python3.8/site-packages:${PYTHONPATH} /usr/bin/cmake --install /home/tema/turtlebot3_ws/build/turtlebot3
[1.184s] -- Install configuration: ""
[1.185s] -- Execute custom install script
[1.185s] -- Symlinking: /home/tema/turtlebot3_ws/install/turtlebot3/share/ament_index/resource_index/package_run_dependencies/turtlebot3
[1.202s] -- Symlinking: /home/tema/turtlebot3_ws/install/turtlebot3/share/ament_index/resource_index/parent_prefix_path/turtlebot3
[1.212s] -- Symlinking: /home/tema/turtlebot3_ws/install/turtlebot3/share/turtlebot3/environment/ament_prefix_path.sh
[1.221s] -- Symlinking: /home/tema/turtlebot3_ws/install/turtlebot3/share/turtlebot3/environment/ament_prefix_path.dsv
[1.235s] -- Symlinking: /home/tema/turtlebot3_ws/install/turtlebot3/share/turtlebot3/environment/path.sh
[1.250s] -- Symlinking: /home/tema/turtlebot3_ws/install/turtlebot3/share/turtlebot3/environment/path.dsv
[1.261s] -- Symlinking: /home/tema/turtlebot3_ws/install/turtlebot3/share/turtlebot3/local_setup.bash
[1.274s] -- Symlinking: /home/tema/turtlebot3_ws/install/turtlebot3/share/turtlebot3/local_setup.sh
[1.287s] -- Symlinking: /home/tema/turtlebot3_ws/install/turtlebot3/share/turtlebot3/local_setup.zsh
[1.299s] -- Symlinking: /home/tema/turtlebot3_ws/install/turtlebot3/share/turtlebot3/local_setup.dsv
[1.307s] -- Symlinking: /home/tema/turtlebot3_ws/install/turtlebot3/share/turtlebot3/package.dsv
[1.317s] -- Symlinking: /home/tema/turtlebot3_ws/install/turtlebot3/share/ament_index/resource_index/packages/turtlebot3
[1.328s] -- Symlinking: /home/tema/turtlebot3_ws/install/turtlebot3/share/turtlebot3/cmake/turtlebot3Config.cmake
[1.343s] -- Symlinking: /home/tema/turtlebot3_ws/install/turtlebot3/share/turtlebot3/cmake/turtlebot3Config-version.cmake
[1.352s] -- Symlinking: /home/tema/turtlebot3_ws/install/turtlebot3/share/turtlebot3/package.xml
[1.369s] Invoked command in '/home/tema/turtlebot3_ws/build/turtlebot3' returned '0': AMENT_PREFIX_PATH=/home/tema/turtlebot3_ws/install/turtlebot3_bringup:/home/tema/turtlebot3_ws/install/turtlebot3_node:/home/tema/turtlebot3_ws/install/turtlebot3_example:/home/tema/turtlebot3_ws/install/turtlebot3_teleop:/home/tema/turtlebot3_ws/install/turtlebot3_navigation2:/home/tema/turtlebot3_ws/install/turtlebot3_msgs:/home/tema/turtlebot3_ws/install/turtlebot3_description:/home/tema/turtlebot3_ws/install/turtlebot3_cartographer:/home/tema/turtlebot3_ws/install/dynamixel_sdk:${AMENT_PREFIX_PATH} CMAKE_PREFIX_PATH=/home/tema/turtlebot3_ws/install/turtlebot3_bringup:/home/tema/turtlebot3_ws/install/turtlebot3_node:/home/tema/turtlebot3_ws/install/turtlebot3_navigation2:/home/tema/turtlebot3_ws/install/turtlebot3_msgs:/home/tema/turtlebot3_ws/install/turtlebot3_description:/home/tema/turtlebot3_ws/install/turtlebot3_cartographer:/home/tema/turtlebot3_ws/install/dynamixel_sdk:/opt/ros/foxy LD_LIBRARY_PATH=/home/tema/turtlebot3_ws/install/turtlebot3_msgs/lib:/home/tema/turtlebot3_ws/install/dynamixel_sdk/lib:${LD_LIBRARY_PATH} PYTHONPATH=/home/tema/turtlebot3_ws/build/turtlebot3_example:/home/tema/turtlebot3_ws/install/turtlebot3_example/lib/python3.8/site-packages:/home/tema/turtlebot3_ws/build/turtlebot3_teleop:/home/tema/turtlebot3_ws/install/turtlebot3_teleop/lib/python3.8/site-packages:/home/tema/turtlebot3_ws/install/turtlebot3_msgs/lib/python3.8/site-packages:${PYTHONPATH} /usr/bin/cmake --install /home/tema/turtlebot3_ws/build/turtlebot3
