[2.056s] Invoking command in '/home/tema/turtlebot3_ws/build/turtlebot3_example': CMAKE_PREFIX_PATH=/home/tema/turtlebot3_ws/install/turtlebot3_msgs:/home/tema/turtlebot3_ws/install/turtlebot3:/home/tema/turtlebot3_ws/install/turtlebot3_bringup:/home/tema/turtlebot3_ws/install/turtlebot3_node:/home/tema/turtlebot3_ws/install/turtlebot3_navigation2:/home/tema/turtlebot3_ws/install/turtlebot3_description:/home/tema/turtlebot3_ws/install/turtlebot3_cartographer:/home/tema/turtlebot3_ws/install/dynamixel_sdk_examples:/home/tema/turtlebot3_ws/install/dynamixel_sdk_custom_interfaces:/home/tema/turtlebot3_ws/install/dynamixel_sdk PYTHONPATH=/home/tema/turtlebot3_ws/build/turtlebot3_example/prefix_override:/home/tema/turtlebot3_ws/install/turtlebot3_example/lib/python3.8/site-packages:/home/tema/turtlebot3_ws/install/turtlebot3_msgs/lib/python3.8/site-packages:/home/tema/turtlebot3_ws/build/turtlebot3_teleop:/home/tema/turtlebot3_ws/install/turtlebot3_teleop/lib/python3.8/site-packages:/home/tema/turtlebot3_ws/build/turtlebot3_example:/home/tema/turtlebot3_ws/install/turtlebot3_example/lib/python3.8/site-packages:/home/tema/turtlebot3_ws/install/dynamixel_sdk_custom_interfaces/lib/python3.8/site-packages:/opt/ros/foxy/lib/python3.8/site-packages /usr/bin/python3 setup.py develop --editable --build-directory /home/tema/turtlebot3_ws/build/turtlebot3_example/build --no-deps install_data
[2.368s] running develop
[2.582s] running egg_info
[2.583s] writing turtlebot3_example.egg-info/PKG-INFO
[2.583s] writing dependency_links to turtlebot3_example.egg-info/dependency_links.txt
[2.583s] writing entry points to turtlebot3_example.egg-info/entry_points.txt
[2.583s] writing requirements to turtlebot3_example.egg-info/requires.txt
[2.583s] writing top-level names to turtlebot3_example.egg-info/top_level.txt
[2.621s] reading manifest file 'turtlebot3_example.egg-info/SOURCES.txt'
[2.625s] writing manifest file 'turtlebot3_example.egg-info/SOURCES.txt'
[2.692s] running build_ext
[2.693s] Creating /home/tema/turtlebot3_ws/install/turtlebot3_example/lib/python3.8/site-packages/turtlebot3-example.egg-link (link to .)
[2.694s] Installing turtlebot3_obstacle_detection script to /home/tema/turtlebot3_ws/install/turtlebot3_example/lib/turtlebot3_example
[2.694s] Installing turtlebot3_patrol_client script to /home/tema/turtlebot3_ws/install/turtlebot3_example/lib/turtlebot3_example
[2.694s] Installing turtlebot3_patrol_server script to /home/tema/turtlebot3_ws/install/turtlebot3_example/lib/turtlebot3_example
[2.694s] Installing turtlebot3_position_control script to /home/tema/turtlebot3_ws/install/turtlebot3_example/lib/turtlebot3_example
[2.725s] 
[2.725s] Installed /home/tema/turtlebot3_ws/build/turtlebot3_example
[2.740s] running install_data
[2.940s] Invoked command in '/home/tema/turtlebot3_ws/build/turtlebot3_example' returned '0': CMAKE_PREFIX_PATH=/home/tema/turtlebot3_ws/install/turtlebot3_msgs:/home/tema/turtlebot3_ws/install/turtlebot3:/home/tema/turtlebot3_ws/install/turtlebot3_bringup:/home/tema/turtlebot3_ws/install/turtlebot3_node:/home/tema/turtlebot3_ws/install/turtlebot3_navigation2:/home/tema/turtlebot3_ws/install/turtlebot3_description:/home/tema/turtlebot3_ws/install/turtlebot3_cartographer:/home/tema/turtlebot3_ws/install/dynamixel_sdk_examples:/home/tema/turtlebot3_ws/install/dynamixel_sdk_custom_interfaces:/home/tema/turtlebot3_ws/install/dynamixel_sdk PYTHONPATH=/home/tema/turtlebot3_ws/build/turtlebot3_example/prefix_override:/home/tema/turtlebot3_ws/install/turtlebot3_example/lib/python3.8/site-packages:/home/tema/turtlebot3_ws/install/turtlebot3_msgs/lib/python3.8/site-packages:/home/tema/turtlebot3_ws/build/turtlebot3_teleop:/home/tema/turtlebot3_ws/install/turtlebot3_teleop/lib/python3.8/site-packages:/home/tema/turtlebot3_ws/build/turtlebot3_example:/home/tema/turtlebot3_ws/install/turtlebot3_example/lib/python3.8/site-packages:/home/tema/turtlebot3_ws/install/dynamixel_sdk_custom_interfaces/lib/python3.8/site-packages:/opt/ros/foxy/lib/python3.8/site-packages /usr/bin/python3 setup.py develop --editable --build-directory /home/tema/turtlebot3_ws/build/turtlebot3_example/build --no-deps install_data
