[0.880s] Invoking command in '/home/tema/turtlebot3_ws/build/turtlebot3_fake_node': CMAKE_PREFIX_PATH=/home/tema/turtlebot3_ws/install/turtlebot3_msgs:/home/tema/turtlebot3_ws/install/turtlebot3:/home/tema/turtlebot3_ws/install/turtlebot3_bringup:/home/tema/turtlebot3_ws/install/turtlebot3_node:/home/tema/turtlebot3_ws/install/turtlebot3_navigation2:/home/tema/turtlebot3_ws/install/turtlebot3_description:/home/tema/turtlebot3_ws/install/turtlebot3_cartographer:/home/tema/turtlebot3_ws/install/dynamixel_sdk_examples:/home/tema/turtlebot3_ws/install/dynamixel_sdk_custom_interfaces:/home/tema/turtlebot3_ws/install/dynamixel_sdk:/home/tema/turtlebot3_ws/install/turtlebot3_teleop:/home/tema/turtlebot3_ws/install/turtlebot3_example:/opt/ros/foxy PYTHONPATH=/home/tema/turtlebot3_ws/install/turtlebot3_msgs/lib/python3.8/site-packages:/home/tema/turtlebot3_ws/build/turtlebot3_teleop:/home/tema/turtlebot3_ws/install/turtlebot3_teleop/lib/python3.8/site-packages:/home/tema/turtlebot3_ws/build/turtlebot3_example:/home/tema/turtlebot3_ws/install/turtlebot3_example/lib/python3.8/site-packages:/home/tema/turtlebot3_ws/install/dynamixel_sdk_custom_interfaces/lib/python3.8/site-packages:/opt/ros/foxy/lib/python3.8/site-packages /usr/bin/cmake /home/tema/turtlebot3_ws/src/turtlebot3_simulations/turtlebot3_fake_node -DAMENT_CMAKE_SYMLINK_INSTALL=1 -DCMAKE_INSTALL_PREFIX=/home/tema/turtlebot3_ws/install/turtlebot3_fake_node
[1.012s] -- The C compiler identification is GNU 9.4.0
[1.087s] -- The CXX compiler identification is GNU 9.4.0
[1.106s] -- Check for working C compiler: /usr/bin/cc
[1.228s] -- Check for working C compiler: /usr/bin/cc -- works
[1.228s] -- Detecting C compiler ABI info
[1.326s] -- Detecting C compiler ABI info - done
[1.340s] -- Detecting C compile features
[1.340s] -- Detecting C compile features - done
[1.346s] -- Check for working CXX compiler: /usr/bin/c++
[1.486s] -- Check for working CXX compiler: /usr/bin/c++ -- works
[1.487s] -- Detecting CXX compiler ABI info
[1.627s] -- Detecting CXX compiler ABI info - done
[1.637s] -- Detecting CXX compile features
[1.638s] -- Detecting CXX compile features - done
[1.642s] -- Found ament_cmake: 0.9.12 (/opt/ros/foxy/share/ament_cmake/cmake)
[1.678s] -- Found PythonInterp: /usr/bin/python3 (found suitable version "3.8.10", minimum required is "3") 
[1.681s] -- Using PYTHON_EXECUTABLE: /usr/bin/python3
[1.927s] -- Override CMake install command with custom implementation using symlinks instead of copying resources
[1.991s] -- Found geometry_msgs: 2.0.5 (/opt/ros/foxy/share/geometry_msgs/cmake)
[2.046s] -- Using all available rosidl_typesupport_c: rosidl_typesupport_fastrtps_c;rosidl_typesupport_introspection_c
[2.059s] -- Found rosidl_adapter: 1.3.1 (/opt/ros/foxy/share/rosidl_adapter/cmake)
[2.224s] -- Found OpenSSL: /usr/lib/x86_64-linux-gnu/libcrypto.so (found version "1.1.1f")  
[2.301s] -- Found FastRTPS: /opt/ros/foxy/include  
[2.422s] -- Using all available rosidl_typesupport_cpp: rosidl_typesupport_fastrtps_cpp;rosidl_typesupport_introspection_cpp
[2.572s] -- Found nav_msgs: 2.0.5 (/opt/ros/foxy/share/nav_msgs/cmake)
[2.663s] -- Found rclcpp: 2.4.3 (/opt/ros/foxy/share/rclcpp/cmake)
[2.732s] -- Found rmw_implementation_cmake: 1.0.4 (/opt/ros/foxy/share/rmw_implementation_cmake/cmake)
[2.733s] -- Using RMW implementation 'rmw_fastrtps_cpp' as default
[2.735s] -- Looking for pthread.h
[2.840s] -- Looking for pthread.h - found
[2.840s] -- Performing Test CMAKE_HAVE_LIBC_PTHREAD
[2.920s] -- Performing Test CMAKE_HAVE_LIBC_PTHREAD - Failed
[2.920s] -- Looking for pthread_create in pthreads
[3.045s] -- Looking for pthread_create in pthreads - not found
[3.045s] -- Looking for pthread_create in pthread
[3.127s] -- Looking for pthread_create in pthread - found
[3.127s] -- Found Threads: TRUE  
[3.311s] -- Found sensor_msgs: 2.0.5 (/opt/ros/foxy/share/sensor_msgs/cmake)
[3.423s] -- Found tf2: 0.13.14 (/opt/ros/foxy/share/tf2/cmake)
[3.424s] -- Found tf2_msgs: 0.13.14 (/opt/ros/foxy/share/tf2_msgs/cmake)
[3.679s] -- Found turtlebot3_msgs: 2.2.1 (/home/tema/turtlebot3_ws/install/turtlebot3_msgs/share/turtlebot3_msgs/cmake)
[3.876s] -- Configuring done
[3.900s] -- Generating done
[3.902s] -- Build files have been written to: /home/tema/turtlebot3_ws/build/turtlebot3_fake_node
[3.915s] Invoked command in '/home/tema/turtlebot3_ws/build/turtlebot3_fake_node' returned '0': CMAKE_PREFIX_PATH=/home/tema/turtlebot3_ws/install/turtlebot3_msgs:/home/tema/turtlebot3_ws/install/turtlebot3:/home/tema/turtlebot3_ws/install/turtlebot3_bringup:/home/tema/turtlebot3_ws/install/turtlebot3_node:/home/tema/turtlebot3_ws/install/turtlebot3_navigation2:/home/tema/turtlebot3_ws/install/turtlebot3_description:/home/tema/turtlebot3_ws/install/turtlebot3_cartographer:/home/tema/turtlebot3_ws/install/dynamixel_sdk_examples:/home/tema/turtlebot3_ws/install/dynamixel_sdk_custom_interfaces:/home/tema/turtlebot3_ws/install/dynamixel_sdk:/home/tema/turtlebot3_ws/install/turtlebot3_teleop:/home/tema/turtlebot3_ws/install/turtlebot3_example:/opt/ros/foxy PYTHONPATH=/home/tema/turtlebot3_ws/install/turtlebot3_msgs/lib/python3.8/site-packages:/home/tema/turtlebot3_ws/build/turtlebot3_teleop:/home/tema/turtlebot3_ws/install/turtlebot3_teleop/lib/python3.8/site-packages:/home/tema/turtlebot3_ws/build/turtlebot3_example:/home/tema/turtlebot3_ws/install/turtlebot3_example/lib/python3.8/site-packages:/home/tema/turtlebot3_ws/install/dynamixel_sdk_custom_interfaces/lib/python3.8/site-packages:/opt/ros/foxy/lib/python3.8/site-packages /usr/bin/cmake /home/tema/turtlebot3_ws/src/turtlebot3_simulations/turtlebot3_fake_node -DAMENT_CMAKE_SYMLINK_INSTALL=1 -DCMAKE_INSTALL_PREFIX=/home/tema/turtlebot3_ws/install/turtlebot3_fake_node
[3.916s] Invoking command in '/home/tema/turtlebot3_ws/build/turtlebot3_fake_node': CMAKE_PREFIX_PATH=/home/tema/turtlebot3_ws/install/turtlebot3_msgs:/home/tema/turtlebot3_ws/install/turtlebot3:/home/tema/turtlebot3_ws/install/turtlebot3_bringup:/home/tema/turtlebot3_ws/install/turtlebot3_node:/home/tema/turtlebot3_ws/install/turtlebot3_navigation2:/home/tema/turtlebot3_ws/install/turtlebot3_description:/home/tema/turtlebot3_ws/install/turtlebot3_cartographer:/home/tema/turtlebot3_ws/install/dynamixel_sdk_examples:/home/tema/turtlebot3_ws/install/dynamixel_sdk_custom_interfaces:/home/tema/turtlebot3_ws/install/dynamixel_sdk:/home/tema/turtlebot3_ws/install/turtlebot3_teleop:/home/tema/turtlebot3_ws/install/turtlebot3_example:/opt/ros/foxy PYTHONPATH=/home/tema/turtlebot3_ws/install/turtlebot3_msgs/lib/python3.8/site-packages:/home/tema/turtlebot3_ws/build/turtlebot3_teleop:/home/tema/turtlebot3_ws/install/turtlebot3_teleop/lib/python3.8/site-packages:/home/tema/turtlebot3_ws/build/turtlebot3_example:/home/tema/turtlebot3_ws/install/turtlebot3_example/lib/python3.8/site-packages:/home/tema/turtlebot3_ws/install/dynamixel_sdk_custom_interfaces/lib/python3.8/site-packages:/opt/ros/foxy/lib/python3.8/site-packages /usr/bin/cmake --build /home/tema/turtlebot3_ws/build/turtlebot3_fake_node -- -j6 -l6
[3.991s] [35m[1mScanning dependencies of target turtlebot3_fake_node[0m
[4.044s] [ 50%] [32mBuilding CXX object CMakeFiles/turtlebot3_fake_node.dir/src/turtlebot3_fake_node.cpp.o[0m
[16.765s] [100%] [32m[1mLinking CXX executable turtlebot3_fake_node[0m
[17.705s] [100%] Built target turtlebot3_fake_node
[17.747s] Invoked command in '/home/tema/turtlebot3_ws/build/turtlebot3_fake_node' returned '0': CMAKE_PREFIX_PATH=/home/tema/turtlebot3_ws/install/turtlebot3_msgs:/home/tema/turtlebot3_ws/install/turtlebot3:/home/tema/turtlebot3_ws/install/turtlebot3_bringup:/home/tema/turtlebot3_ws/install/turtlebot3_node:/home/tema/turtlebot3_ws/install/turtlebot3_navigation2:/home/tema/turtlebot3_ws/install/turtlebot3_description:/home/tema/turtlebot3_ws/install/turtlebot3_cartographer:/home/tema/turtlebot3_ws/install/dynamixel_sdk_examples:/home/tema/turtlebot3_ws/install/dynamixel_sdk_custom_interfaces:/home/tema/turtlebot3_ws/install/dynamixel_sdk:/home/tema/turtlebot3_ws/install/turtlebot3_teleop:/home/tema/turtlebot3_ws/install/turtlebot3_example:/opt/ros/foxy PYTHONPATH=/home/tema/turtlebot3_ws/install/turtlebot3_msgs/lib/python3.8/site-packages:/home/tema/turtlebot3_ws/build/turtlebot3_teleop:/home/tema/turtlebot3_ws/install/turtlebot3_teleop/lib/python3.8/site-packages:/home/tema/turtlebot3_ws/build/turtlebot3_example:/home/tema/turtlebot3_ws/install/turtlebot3_example/lib/python3.8/site-packages:/home/tema/turtlebot3_ws/install/dynamixel_sdk_custom_interfaces/lib/python3.8/site-packages:/opt/ros/foxy/lib/python3.8/site-packages /usr/bin/cmake --build /home/tema/turtlebot3_ws/build/turtlebot3_fake_node -- -j6 -l6
[17.968s] Invoking command in '/home/tema/turtlebot3_ws/build/turtlebot3_fake_node': CMAKE_PREFIX_PATH=/home/tema/turtlebot3_ws/install/turtlebot3_msgs:/home/tema/turtlebot3_ws/install/turtlebot3:/home/tema/turtlebot3_ws/install/turtlebot3_bringup:/home/tema/turtlebot3_ws/install/turtlebot3_node:/home/tema/turtlebot3_ws/install/turtlebot3_navigation2:/home/tema/turtlebot3_ws/install/turtlebot3_description:/home/tema/turtlebot3_ws/install/turtlebot3_cartographer:/home/tema/turtlebot3_ws/install/dynamixel_sdk_examples:/home/tema/turtlebot3_ws/install/dynamixel_sdk_custom_interfaces:/home/tema/turtlebot3_ws/install/dynamixel_sdk:/home/tema/turtlebot3_ws/install/turtlebot3_teleop:/home/tema/turtlebot3_ws/install/turtlebot3_example:/opt/ros/foxy PYTHONPATH=/home/tema/turtlebot3_ws/install/turtlebot3_msgs/lib/python3.8/site-packages:/home/tema/turtlebot3_ws/build/turtlebot3_teleop:/home/tema/turtlebot3_ws/install/turtlebot3_teleop/lib/python3.8/site-packages:/home/tema/turtlebot3_ws/build/turtlebot3_example:/home/tema/turtlebot3_ws/install/turtlebot3_example/lib/python3.8/site-packages:/home/tema/turtlebot3_ws/install/dynamixel_sdk_custom_interfaces/lib/python3.8/site-packages:/opt/ros/foxy/lib/python3.8/site-packages /usr/bin/cmake --install /home/tema/turtlebot3_ws/build/turtlebot3_fake_node
[18.009s] -- Install configuration: ""
[18.010s] -- Execute custom install script
[18.011s] -- Symlinking: /home/tema/turtlebot3_ws/install/turtlebot3_fake_node/lib/turtlebot3_fake_node/turtlebot3_fake_node
[18.043s] -- Symlinking: /home/tema/turtlebot3_ws/install/turtlebot3_fake_node/share/turtlebot3_fake_node/launch/rviz2.launch.py
[18.067s] -- Symlinking: /home/tema/turtlebot3_ws/install/turtlebot3_fake_node/share/turtlebot3_fake_node/launch/turtlebot3_fake_node.launch.py
[18.085s] -- Symlinking: /home/tema/turtlebot3_ws/install/turtlebot3_fake_node/share/turtlebot3_fake_node/param/burger.yaml
[18.100s] -- Symlinking: /home/tema/turtlebot3_ws/install/turtlebot3_fake_node/share/turtlebot3_fake_node/param/waffle.yaml
[18.111s] -- Symlinking: /home/tema/turtlebot3_ws/install/turtlebot3_fake_node/share/turtlebot3_fake_node/param/waffle_pi.yaml
[18.123s] -- Symlinking: /home/tema/turtlebot3_ws/install/turtlebot3_fake_node/share/turtlebot3_fake_node/rviz/model.rviz
[18.141s] -- Symlinking: /home/tema/turtlebot3_ws/install/turtlebot3_fake_node/include//turtlebot3_fake_node/turtlebot3_fake_node.hpp
[18.191s] -- Symlinking: /home/tema/turtlebot3_ws/install/turtlebot3_fake_node/share/ament_index/resource_index/package_run_dependencies/turtlebot3_fake_node
[18.219s] -- Symlinking: /home/tema/turtlebot3_ws/install/turtlebot3_fake_node/share/ament_index/resource_index/parent_prefix_path/turtlebot3_fake_node
[18.275s] -- Symlinking: /home/tema/turtlebot3_ws/install/turtlebot3_fake_node/share/turtlebot3_fake_node/environment/ament_prefix_path.sh
[18.307s] -- Symlinking: /home/tema/turtlebot3_ws/install/turtlebot3_fake_node/share/turtlebot3_fake_node/environment/ament_prefix_path.dsv
[18.339s] -- Symlinking: /home/tema/turtlebot3_ws/install/turtlebot3_fake_node/share/turtlebot3_fake_node/environment/path.sh
[18.359s] -- Symlinking: /home/tema/turtlebot3_ws/install/turtlebot3_fake_node/share/turtlebot3_fake_node/environment/path.dsv
[18.376s] -- Symlinking: /home/tema/turtlebot3_ws/install/turtlebot3_fake_node/share/turtlebot3_fake_node/local_setup.bash
[18.396s] -- Symlinking: /home/tema/turtlebot3_ws/install/turtlebot3_fake_node/share/turtlebot3_fake_node/local_setup.sh
[18.421s] -- Symlinking: /home/tema/turtlebot3_ws/install/turtlebot3_fake_node/share/turtlebot3_fake_node/local_setup.zsh
[18.449s] -- Symlinking: /home/tema/turtlebot3_ws/install/turtlebot3_fake_node/share/turtlebot3_fake_node/local_setup.dsv
[18.464s] -- Symlinking: /home/tema/turtlebot3_ws/install/turtlebot3_fake_node/share/turtlebot3_fake_node/package.dsv
[18.475s] -- Symlinking: /home/tema/turtlebot3_ws/install/turtlebot3_fake_node/share/ament_index/resource_index/packages/turtlebot3_fake_node
[18.485s] -- Symlinking: /home/tema/turtlebot3_ws/install/turtlebot3_fake_node/share/turtlebot3_fake_node/cmake/ament_cmake_export_include_directories-extras.cmake
[18.495s] -- Symlinking: /home/tema/turtlebot3_ws/install/turtlebot3_fake_node/share/turtlebot3_fake_node/cmake/ament_cmake_export_dependencies-extras.cmake
[18.505s] -- Symlinking: /home/tema/turtlebot3_ws/install/turtlebot3_fake_node/share/turtlebot3_fake_node/cmake/turtlebot3_fake_nodeConfig.cmake
[18.515s] -- Symlinking: /home/tema/turtlebot3_ws/install/turtlebot3_fake_node/share/turtlebot3_fake_node/cmake/turtlebot3_fake_nodeConfig-version.cmake
[18.556s] -- Symlinking: /home/tema/turtlebot3_ws/install/turtlebot3_fake_node/share/turtlebot3_fake_node/package.xml
[18.588s] Invoked command in '/home/tema/turtlebot3_ws/build/turtlebot3_fake_node' returned '0': CMAKE_PREFIX_PATH=/home/tema/turtlebot3_ws/install/turtlebot3_msgs:/home/tema/turtlebot3_ws/install/turtlebot3:/home/tema/turtlebot3_ws/install/turtlebot3_bringup:/home/tema/turtlebot3_ws/install/turtlebot3_node:/home/tema/turtlebot3_ws/install/turtlebot3_navigation2:/home/tema/turtlebot3_ws/install/turtlebot3_description:/home/tema/turtlebot3_ws/install/turtlebot3_cartographer:/home/tema/turtlebot3_ws/install/dynamixel_sdk_examples:/home/tema/turtlebot3_ws/install/dynamixel_sdk_custom_interfaces:/home/tema/turtlebot3_ws/install/dynamixel_sdk:/home/tema/turtlebot3_ws/install/turtlebot3_teleop:/home/tema/turtlebot3_ws/install/turtlebot3_example:/opt/ros/foxy PYTHONPATH=/home/tema/turtlebot3_ws/install/turtlebot3_msgs/lib/python3.8/site-packages:/home/tema/turtlebot3_ws/build/turtlebot3_teleop:/home/tema/turtlebot3_ws/install/turtlebot3_teleop/lib/python3.8/site-packages:/home/tema/turtlebot3_ws/build/turtlebot3_example:/home/tema/turtlebot3_ws/install/turtlebot3_example/lib/python3.8/site-packages:/home/tema/turtlebot3_ws/install/dynamixel_sdk_custom_interfaces/lib/python3.8/site-packages:/opt/ros/foxy/lib/python3.8/site-packages /usr/bin/cmake --install /home/tema/turtlebot3_ws/build/turtlebot3_fake_node
