[0.289s] Invoking command in '/home/tema/turtlebot3_ws/build/turtlebot3_navigation2': CMAKE_PREFIX_PATH=${CMAKE_PREFIX_PATH}:/home/tema/turtlebot3_ws/install/turtlebot3_teleop:/home/tema/turtlebot3_ws/install/turtlebot3_example:/opt/ros/foxy /usr/bin/cmake --build /home/tema/turtlebot3_ws/build/turtlebot3_navigation2 -- -j6 -l6
[0.518s] Invoked command in '/home/tema/turtlebot3_ws/build/turtlebot3_navigation2' returned '0': CMAKE_PREFIX_PATH=${CMAKE_PREFIX_PATH}:/home/tema/turtlebot3_ws/install/turtlebot3_teleop:/home/tema/turtlebot3_ws/install/turtlebot3_example:/opt/ros/foxy /usr/bin/cmake --build /home/tema/turtlebot3_ws/build/turtlebot3_navigation2 -- -j6 -l6
[0.984s] Invoking command in '/home/tema/turtlebot3_ws/build/turtlebot3_navigation2': CMAKE_PREFIX_PATH=${CMAKE_PREFIX_PATH}:/home/tema/turtlebot3_ws/install/turtlebot3_teleop:/home/tema/turtlebot3_ws/install/turtlebot3_example:/opt/ros/foxy /usr/bin/cmake --install /home/tema/turtlebot3_ws/build/turtlebot3_navigation2
[1.008s] -- Install configuration: ""
[1.013s] -- Execute custom install script
[1.013s] -- Up-to-date symlink: /home/tema/turtlebot3_ws/install/turtlebot3_navigation2/share/turtlebot3_navigation2/launch/navigation2.launch.py
[1.013s] -- Up-to-date symlink: /home/tema/turtlebot3_ws/install/turtlebot3_navigation2/share/turtlebot3_navigation2/map/turtlebot3_world.pgm
[1.013s] -- Up-to-date symlink: /home/tema/turtlebot3_ws/install/turtlebot3_navigation2/share/turtlebot3_navigation2/map/turtlebot3_world.yaml
[1.013s] -- Up-to-date symlink: /home/tema/turtlebot3_ws/install/turtlebot3_navigation2/share/turtlebot3_navigation2/param/burger.yaml
[1.013s] -- Up-to-date symlink: /home/tema/turtlebot3_ws/install/turtlebot3_navigation2/share/turtlebot3_navigation2/param/waffle.yaml
[1.013s] -- Up-to-date symlink: /home/tema/turtlebot3_ws/install/turtlebot3_navigation2/share/turtlebot3_navigation2/param/waffle_pi.yaml
[1.013s] -- Up-to-date symlink: /home/tema/turtlebot3_ws/install/turtlebot3_navigation2/share/turtlebot3_navigation2/rviz/tb3_navigation2.rviz
[1.014s] -- Up-to-date symlink: /home/tema/turtlebot3_ws/install/turtlebot3_navigation2/share/ament_index/resource_index/package_run_dependencies/turtlebot3_navigation2
[1.014s] -- Up-to-date symlink: /home/tema/turtlebot3_ws/install/turtlebot3_navigation2/share/ament_index/resource_index/parent_prefix_path/turtlebot3_navigation2
[1.014s] -- Up-to-date symlink: /home/tema/turtlebot3_ws/install/turtlebot3_navigation2/share/turtlebot3_navigation2/environment/ament_prefix_path.sh
[1.014s] -- Up-to-date symlink: /home/tema/turtlebot3_ws/install/turtlebot3_navigation2/share/turtlebot3_navigation2/environment/ament_prefix_path.dsv
[1.014s] -- Up-to-date symlink: /home/tema/turtlebot3_ws/install/turtlebot3_navigation2/share/turtlebot3_navigation2/environment/path.sh
[1.014s] -- Up-to-date symlink: /home/tema/turtlebot3_ws/install/turtlebot3_navigation2/share/turtlebot3_navigation2/environment/path.dsv
[1.014s] -- Up-to-date symlink: /home/tema/turtlebot3_ws/install/turtlebot3_navigation2/share/turtlebot3_navigation2/local_setup.bash
[1.014s] -- Up-to-date symlink: /home/tema/turtlebot3_ws/install/turtlebot3_navigation2/share/turtlebot3_navigation2/local_setup.sh
[1.015s] -- Up-to-date symlink: /home/tema/turtlebot3_ws/install/turtlebot3_navigation2/share/turtlebot3_navigation2/local_setup.zsh
[1.018s] -- Up-to-date symlink: /home/tema/turtlebot3_ws/install/turtlebot3_navigation2/share/turtlebot3_navigation2/local_setup.dsv
[1.018s] -- Symlinking: /home/tema/turtlebot3_ws/install/turtlebot3_navigation2/share/turtlebot3_navigation2/package.dsv
[1.028s] -- Up-to-date symlink: /home/tema/turtlebot3_ws/install/turtlebot3_navigation2/share/ament_index/resource_index/packages/turtlebot3_navigation2
[1.029s] -- Up-to-date symlink: /home/tema/turtlebot3_ws/install/turtlebot3_navigation2/share/turtlebot3_navigation2/cmake/turtlebot3_navigation2Config.cmake
[1.029s] -- Up-to-date symlink: /home/tema/turtlebot3_ws/install/turtlebot3_navigation2/share/turtlebot3_navigation2/cmake/turtlebot3_navigation2Config-version.cmake
[1.029s] -- Up-to-date symlink: /home/tema/turtlebot3_ws/install/turtlebot3_navigation2/share/turtlebot3_navigation2/package.xml
[1.753s] Invoked command in '/home/tema/turtlebot3_ws/build/turtlebot3_navigation2' returned '0': CMAKE_PREFIX_PATH=${CMAKE_PREFIX_PATH}:/home/tema/turtlebot3_ws/install/turtlebot3_teleop:/home/tema/turtlebot3_ws/install/turtlebot3_example:/opt/ros/foxy /usr/bin/cmake --install /home/tema/turtlebot3_ws/build/turtlebot3_navigation2
