[0.185s] Invoking command in '/home/tema/turtlebot3_ws/build/dynamixel_sdk_examples': AMENT_PREFIX_PATH=/home/tema/turtlebot3_ws/install/dynamixel_sdk_custom_interfaces:/home/tema/turtlebot3_ws/install/dynamixel_sdk:${AMENT_PREFIX_PATH} CMAKE_PREFIX_PATH=/home/tema/turtlebot3_ws/install/dynamixel_sdk_custom_interfaces:/home/tema/turtlebot3_ws/install/dynamixel_sdk:/opt/ros/foxy LD_LIBRARY_PATH=/home/tema/turtlebot3_ws/install/dynamixel_sdk_custom_interfaces/lib:/home/tema/turtlebot3_ws/install/dynamixel_sdk/lib:${LD_LIBRARY_PATH} PYTHONPATH=/home/tema/turtlebot3_ws/install/dynamixel_sdk_custom_interfaces/lib/python3.8/site-packages:${PYTHONPATH} /usr/bin/cmake /home/tema/turtlebot3_ws/src/DynamixelSDK/dynamixel_sdk_examples -DAMENT_CMAKE_SYMLINK_INSTALL=1 -DCMAKE_INSTALL_PREFIX=/home/tema/turtlebot3_ws/install/dynamixel_sdk_examples
[0.278s] -- The C compiler identification is GNU 9.4.0
[0.331s] -- The CXX compiler identification is GNU 9.4.0
[0.339s] -- Check for working C compiler: /usr/bin/cc
[0.414s] -- Check for working C compiler: /usr/bin/cc -- works
[0.415s] -- Detecting C compiler ABI info
[0.490s] -- Detecting C compiler ABI info - done
[0.501s] -- Detecting C compile features
[0.501s] -- Detecting C compile features - done
[0.506s] -- Check for working CXX compiler: /usr/bin/c++
[0.598s] -- Check for working CXX compiler: /usr/bin/c++ -- works
[0.599s] -- Detecting CXX compiler ABI info
[0.676s] -- Detecting CXX compiler ABI info - done
[0.688s] -- Detecting CXX compile features
[0.688s] -- Detecting CXX compile features - done
[0.691s] -- Found ament_cmake: 0.9.12 (/opt/ros/foxy/share/ament_cmake/cmake)
[0.716s] -- Found PythonInterp: /usr/bin/python3 (found suitable version "3.8.10", minimum required is "3") 
[0.716s] -- Using PYTHON_EXECUTABLE: /usr/bin/python3
[0.898s] -- Override CMake install command with custom implementation using symlinks instead of copying resources
[0.919s] -- Found dynamixel_sdk: 3.7.40 (/home/tema/turtlebot3_ws/install/dynamixel_sdk/share/dynamixel_sdk/cmake)
[0.921s] -- Found dynamixel_sdk_custom_interfaces: 3.7.40 (/home/tema/turtlebot3_ws/install/dynamixel_sdk_custom_interfaces/share/dynamixel_sdk_custom_interfaces/cmake)
[0.948s] -- Using all available rosidl_typesupport_c: rosidl_typesupport_fastrtps_c;rosidl_typesupport_introspection_c
[0.954s] -- Found rosidl_adapter: 1.3.1 (/opt/ros/foxy/share/rosidl_adapter/cmake)
[1.071s] -- Found OpenSSL: /usr/lib/x86_64-linux-gnu/libcrypto.so (found version "1.1.1f")  
[1.107s] -- Found FastRTPS: /opt/ros/foxy/include  
[1.204s] -- Using all available rosidl_typesupport_cpp: rosidl_typesupport_fastrtps_cpp;rosidl_typesupport_introspection_cpp
[1.253s] -- Found rclcpp: 2.4.3 (/opt/ros/foxy/share/rclcpp/cmake)
[1.317s] -- Found rmw_implementation_cmake: 1.0.4 (/opt/ros/foxy/share/rmw_implementation_cmake/cmake)
[1.321s] -- Using RMW implementation 'rmw_fastrtps_cpp' as default
[1.325s] -- Looking for pthread.h
[1.414s] -- Looking for pthread.h - found
[1.414s] -- Performing Test CMAKE_HAVE_LIBC_PTHREAD
[1.513s] -- Performing Test CMAKE_HAVE_LIBC_PTHREAD - Failed
[1.513s] -- Looking for pthread_create in pthreads
[1.663s] -- Looking for pthread_create in pthreads - not found
[1.664s] -- Looking for pthread_create in pthread
[1.746s] -- Looking for pthread_create in pthread - found
[1.747s] -- Found Threads: TRUE  
[1.963s] -- Found ament_lint_auto: 0.9.8 (/opt/ros/foxy/share/ament_lint_auto/cmake)
[2.061s] -- Added test 'copyright' to check source files copyright and LICENSE
[2.061s] -- Added test 'cppcheck' to perform static code analysis on C / C++ code
[2.062s] -- Configured cppcheck include dirs: /home/tema/turtlebot3_ws/src/DynamixelSDK/dynamixel_sdk_examples/include
[2.062s] -- Configured cppcheck exclude dirs and/or files: 
[2.063s] -- Added test 'cpplint' to check C / C++ code against the Google style
[2.063s] -- Configured cpplint exclude dirs and/or files: 
[2.063s] -- Added test 'lint_cmake' to check CMake code style
[2.064s] -- Added test 'uncrustify' to check C / C++ code style
[2.064s] -- Configured uncrustify additional arguments: 
[2.065s] -- Added test 'xmllint' to check XML markup files
[2.068s] -- Configuring done
[2.075s] -- Generating done
[2.076s] -- Build files have been written to: /home/tema/turtlebot3_ws/build/dynamixel_sdk_examples
[2.084s] Invoked command in '/home/tema/turtlebot3_ws/build/dynamixel_sdk_examples' returned '0': AMENT_PREFIX_PATH=/home/tema/turtlebot3_ws/install/dynamixel_sdk_custom_interfaces:/home/tema/turtlebot3_ws/install/dynamixel_sdk:${AMENT_PREFIX_PATH} CMAKE_PREFIX_PATH=/home/tema/turtlebot3_ws/install/dynamixel_sdk_custom_interfaces:/home/tema/turtlebot3_ws/install/dynamixel_sdk:/opt/ros/foxy LD_LIBRARY_PATH=/home/tema/turtlebot3_ws/install/dynamixel_sdk_custom_interfaces/lib:/home/tema/turtlebot3_ws/install/dynamixel_sdk/lib:${LD_LIBRARY_PATH} PYTHONPATH=/home/tema/turtlebot3_ws/install/dynamixel_sdk_custom_interfaces/lib/python3.8/site-packages:${PYTHONPATH} /usr/bin/cmake /home/tema/turtlebot3_ws/src/DynamixelSDK/dynamixel_sdk_examples -DAMENT_CMAKE_SYMLINK_INSTALL=1 -DCMAKE_INSTALL_PREFIX=/home/tema/turtlebot3_ws/install/dynamixel_sdk_examples
[2.088s] Invoking command in '/home/tema/turtlebot3_ws/build/dynamixel_sdk_examples': AMENT_PREFIX_PATH=/home/tema/turtlebot3_ws/install/dynamixel_sdk_custom_interfaces:/home/tema/turtlebot3_ws/install/dynamixel_sdk:${AMENT_PREFIX_PATH} CMAKE_PREFIX_PATH=/home/tema/turtlebot3_ws/install/dynamixel_sdk_custom_interfaces:/home/tema/turtlebot3_ws/install/dynamixel_sdk:/opt/ros/foxy LD_LIBRARY_PATH=/home/tema/turtlebot3_ws/install/dynamixel_sdk_custom_interfaces/lib:/home/tema/turtlebot3_ws/install/dynamixel_sdk/lib:${LD_LIBRARY_PATH} PYTHONPATH=/home/tema/turtlebot3_ws/install/dynamixel_sdk_custom_interfaces/lib/python3.8/site-packages:${PYTHONPATH} /usr/bin/cmake --build /home/tema/turtlebot3_ws/build/dynamixel_sdk_examples -- -j6 -l6
[2.128s] [35m[1mScanning dependencies of target read_write_node[0m
[2.245s] [ 50%] [32mBuilding CXX object CMakeFiles/read_write_node.dir/src/read_write_node.cpp.o[0m
[6.784s] [100%] [32m[1mLinking CXX executable read_write_node[0m
[7.061s] [100%] Built target read_write_node
[7.071s] Invoked command in '/home/tema/turtlebot3_ws/build/dynamixel_sdk_examples' returned '0': AMENT_PREFIX_PATH=/home/tema/turtlebot3_ws/install/dynamixel_sdk_custom_interfaces:/home/tema/turtlebot3_ws/install/dynamixel_sdk:${AMENT_PREFIX_PATH} CMAKE_PREFIX_PATH=/home/tema/turtlebot3_ws/install/dynamixel_sdk_custom_interfaces:/home/tema/turtlebot3_ws/install/dynamixel_sdk:/opt/ros/foxy LD_LIBRARY_PATH=/home/tema/turtlebot3_ws/install/dynamixel_sdk_custom_interfaces/lib:/home/tema/turtlebot3_ws/install/dynamixel_sdk/lib:${LD_LIBRARY_PATH} PYTHONPATH=/home/tema/turtlebot3_ws/install/dynamixel_sdk_custom_interfaces/lib/python3.8/site-packages:${PYTHONPATH} /usr/bin/cmake --build /home/tema/turtlebot3_ws/build/dynamixel_sdk_examples -- -j6 -l6
[7.182s] Invoking command in '/home/tema/turtlebot3_ws/build/dynamixel_sdk_examples': AMENT_PREFIX_PATH=/home/tema/turtlebot3_ws/install/dynamixel_sdk_custom_interfaces:/home/tema/turtlebot3_ws/install/dynamixel_sdk:${AMENT_PREFIX_PATH} CMAKE_PREFIX_PATH=/home/tema/turtlebot3_ws/install/dynamixel_sdk_custom_interfaces:/home/tema/turtlebot3_ws/install/dynamixel_sdk:/opt/ros/foxy LD_LIBRARY_PATH=/home/tema/turtlebot3_ws/install/dynamixel_sdk_custom_interfaces/lib:/home/tema/turtlebot3_ws/install/dynamixel_sdk/lib:${LD_LIBRARY_PATH} PYTHONPATH=/home/tema/turtlebot3_ws/install/dynamixel_sdk_custom_interfaces/lib/python3.8/site-packages:${PYTHONPATH} /usr/bin/cmake --install /home/tema/turtlebot3_ws/build/dynamixel_sdk_examples
[7.212s] -- Install configuration: ""
[7.213s] -- Execute custom install script
[7.213s] -- Symlinking: /home/tema/turtlebot3_ws/install/dynamixel_sdk_examples/lib/dynamixel_sdk_examples/read_write_node
[7.235s] -- Symlinking: /home/tema/turtlebot3_ws/install/dynamixel_sdk_examples/share/ament_index/resource_index/package_run_dependencies/dynamixel_sdk_examples
[7.263s] -- Symlinking: /home/tema/turtlebot3_ws/install/dynamixel_sdk_examples/share/ament_index/resource_index/parent_prefix_path/dynamixel_sdk_examples
[7.290s] -- Symlinking: /home/tema/turtlebot3_ws/install/dynamixel_sdk_examples/share/dynamixel_sdk_examples/environment/ament_prefix_path.sh
[7.321s] -- Symlinking: /home/tema/turtlebot3_ws/install/dynamixel_sdk_examples/share/dynamixel_sdk_examples/environment/ament_prefix_path.dsv
[7.343s] -- Symlinking: /home/tema/turtlebot3_ws/install/dynamixel_sdk_examples/share/dynamixel_sdk_examples/environment/path.sh
[7.371s] -- Symlinking: /home/tema/turtlebot3_ws/install/dynamixel_sdk_examples/share/dynamixel_sdk_examples/environment/path.dsv
[7.399s] -- Symlinking: /home/tema/turtlebot3_ws/install/dynamixel_sdk_examples/share/dynamixel_sdk_examples/local_setup.bash
[7.425s] -- Symlinking: /home/tema/turtlebot3_ws/install/dynamixel_sdk_examples/share/dynamixel_sdk_examples/local_setup.sh
[7.450s] -- Symlinking: /home/tema/turtlebot3_ws/install/dynamixel_sdk_examples/share/dynamixel_sdk_examples/local_setup.zsh
[7.463s] -- Symlinking: /home/tema/turtlebot3_ws/install/dynamixel_sdk_examples/share/dynamixel_sdk_examples/local_setup.dsv
[7.495s] -- Symlinking: /home/tema/turtlebot3_ws/install/dynamixel_sdk_examples/share/dynamixel_sdk_examples/package.dsv
[7.523s] -- Symlinking: /home/tema/turtlebot3_ws/install/dynamixel_sdk_examples/share/ament_index/resource_index/packages/dynamixel_sdk_examples
[7.549s] -- Symlinking: /home/tema/turtlebot3_ws/install/dynamixel_sdk_examples/share/dynamixel_sdk_examples/cmake/dynamixel_sdk_examplesConfig.cmake
[7.575s] -- Symlinking: /home/tema/turtlebot3_ws/install/dynamixel_sdk_examples/share/dynamixel_sdk_examples/cmake/dynamixel_sdk_examplesConfig-version.cmake
[7.602s] -- Symlinking: /home/tema/turtlebot3_ws/install/dynamixel_sdk_examples/share/dynamixel_sdk_examples/package.xml
[7.634s] Invoked command in '/home/tema/turtlebot3_ws/build/dynamixel_sdk_examples' returned '0': AMENT_PREFIX_PATH=/home/tema/turtlebot3_ws/install/dynamixel_sdk_custom_interfaces:/home/tema/turtlebot3_ws/install/dynamixel_sdk:${AMENT_PREFIX_PATH} CMAKE_PREFIX_PATH=/home/tema/turtlebot3_ws/install/dynamixel_sdk_custom_interfaces:/home/tema/turtlebot3_ws/install/dynamixel_sdk:/opt/ros/foxy LD_LIBRARY_PATH=/home/tema/turtlebot3_ws/install/dynamixel_sdk_custom_interfaces/lib:/home/tema/turtlebot3_ws/install/dynamixel_sdk/lib:${LD_LIBRARY_PATH} PYTHONPATH=/home/tema/turtlebot3_ws/install/dynamixel_sdk_custom_interfaces/lib/python3.8/site-packages:${PYTHONPATH} /usr/bin/cmake --install /home/tema/turtlebot3_ws/build/dynamixel_sdk_examples
