[0.245s] Invoking command in '/home/tema/turtlebot3_ws/build/turtlebot3_simulations': AMENT_PREFIX_PATH=/home/tema/turtlebot3_ws/install/turtlebot3_gazebo:/home/tema/turtlebot3_ws/install/turtlebot3_fake_node:${AMENT_PREFIX_PATH} CMAKE_PREFIX_PATH=/home/tema/turtlebot3_ws/install/turtlebot3_gazebo:/home/tema/turtlebot3_ws/install/turtlebot3_fake_node:/home/tema/turtlebot3_ws/install/turtlebot3_msgs:/home/tema/turtlebot3_ws/install/turtlebot3_description:/home/tema/turtlebot3_ws/install/turtlebot3:/home/tema/turtlebot3_ws/install/turtlebot3_bringup:/home/tema/turtlebot3_ws/install/turtlebot3_node:/home/tema/turtlebot3_ws/install/turtlebot3_navigation2:/home/tema/turtlebot3_ws/install/turtlebot3_cartographer:/home/tema/turtlebot3_ws/install/dynamixel_sdk_examples:/home/tema/turtlebot3_ws/install/dynamixel_sdk_custom_interfaces:/home/tema/turtlebot3_ws/install/dynamixel_sdk:/home/tema/turtlebot3_ws/install/turtlebot3_teleop:/home/tema/turtlebot3_ws/install/turtlebot3_example:/opt/ros/foxy PYTHONPATH=/home/tema/turtlebot3_ws/install/turtlebot3_msgs/lib/python3.8/site-packages:/home/tema/turtlebot3_ws/build/turtlebot3_teleop:/home/tema/turtlebot3_ws/install/turtlebot3_teleop/lib/python3.8/site-packages:/home/tema/turtlebot3_ws/build/turtlebot3_example:/home/tema/turtlebot3_ws/install/turtlebot3_example/lib/python3.8/site-packages:/home/tema/turtlebot3_ws/install/dynamixel_sdk_custom_interfaces/lib/python3.8/site-packages:/opt/ros/foxy/lib/python3.8/site-packages /usr/bin/cmake /home/tema/turtlebot3_ws/src/turtlebot3_simulations/turtlebot3_simulations -DAMENT_CMAKE_SYMLINK_INSTALL=1 -DCMAKE_INSTALL_PREFIX=/home/tema/turtlebot3_ws/install/turtlebot3_simulations
[0.402s] -- The C compiler identification is GNU 9.4.0
[0.504s] -- The CXX compiler identification is GNU 9.4.0
[0.512s] -- Check for working C compiler: /usr/bin/cc
[0.595s] -- Check for working C compiler: /usr/bin/cc -- works
[0.595s] -- Detecting C compiler ABI info
[0.672s] -- Detecting C compiler ABI info - done
[0.683s] -- Detecting C compile features
[0.684s] -- Detecting C compile features - done
[0.687s] -- Check for working CXX compiler: /usr/bin/c++
[0.775s] -- Check for working CXX compiler: /usr/bin/c++ -- works
[0.776s] -- Detecting CXX compiler ABI info
[0.868s] -- Detecting CXX compiler ABI info - done
[0.880s] -- Detecting CXX compile features
[0.880s] -- Detecting CXX compile features - done
[0.896s] -- Found ament_cmake: 0.9.12 (/opt/ros/foxy/share/ament_cmake/cmake)
[0.954s] -- Found PythonInterp: /usr/bin/python3 (found suitable version "3.8.10", minimum required is "3") 
[0.955s] -- Using PYTHON_EXECUTABLE: /usr/bin/python3
[1.256s] -- Override CMake install command with custom implementation using symlinks instead of copying resources
[1.393s] -- Configuring done
[1.395s] -- Generating done
[1.396s] -- Build files have been written to: /home/tema/turtlebot3_ws/build/turtlebot3_simulations
[1.399s] Invoked command in '/home/tema/turtlebot3_ws/build/turtlebot3_simulations' returned '0': AMENT_PREFIX_PATH=/home/tema/turtlebot3_ws/install/turtlebot3_gazebo:/home/tema/turtlebot3_ws/install/turtlebot3_fake_node:${AMENT_PREFIX_PATH} CMAKE_PREFIX_PATH=/home/tema/turtlebot3_ws/install/turtlebot3_gazebo:/home/tema/turtlebot3_ws/install/turtlebot3_fake_node:/home/tema/turtlebot3_ws/install/turtlebot3_msgs:/home/tema/turtlebot3_ws/install/turtlebot3_description:/home/tema/turtlebot3_ws/install/turtlebot3:/home/tema/turtlebot3_ws/install/turtlebot3_bringup:/home/tema/turtlebot3_ws/install/turtlebot3_node:/home/tema/turtlebot3_ws/install/turtlebot3_navigation2:/home/tema/turtlebot3_ws/install/turtlebot3_cartographer:/home/tema/turtlebot3_ws/install/dynamixel_sdk_examples:/home/tema/turtlebot3_ws/install/dynamixel_sdk_custom_interfaces:/home/tema/turtlebot3_ws/install/dynamixel_sdk:/home/tema/turtlebot3_ws/install/turtlebot3_teleop:/home/tema/turtlebot3_ws/install/turtlebot3_example:/opt/ros/foxy PYTHONPATH=/home/tema/turtlebot3_ws/install/turtlebot3_msgs/lib/python3.8/site-packages:/home/tema/turtlebot3_ws/build/turtlebot3_teleop:/home/tema/turtlebot3_ws/install/turtlebot3_teleop/lib/python3.8/site-packages:/home/tema/turtlebot3_ws/build/turtlebot3_example:/home/tema/turtlebot3_ws/install/turtlebot3_example/lib/python3.8/site-packages:/home/tema/turtlebot3_ws/install/dynamixel_sdk_custom_interfaces/lib/python3.8/site-packages:/opt/ros/foxy/lib/python3.8/site-packages /usr/bin/cmake /home/tema/turtlebot3_ws/src/turtlebot3_simulations/turtlebot3_simulations -DAMENT_CMAKE_SYMLINK_INSTALL=1 -DCMAKE_INSTALL_PREFIX=/home/tema/turtlebot3_ws/install/turtlebot3_simulations
[1.403s] Invoking command in '/home/tema/turtlebot3_ws/build/turtlebot3_simulations': AMENT_PREFIX_PATH=/home/tema/turtlebot3_ws/install/turtlebot3_gazebo:/home/tema/turtlebot3_ws/install/turtlebot3_fake_node:${AMENT_PREFIX_PATH} CMAKE_PREFIX_PATH=/home/tema/turtlebot3_ws/install/turtlebot3_gazebo:/home/tema/turtlebot3_ws/install/turtlebot3_fake_node:/home/tema/turtlebot3_ws/install/turtlebot3_msgs:/home/tema/turtlebot3_ws/install/turtlebot3_description:/home/tema/turtlebot3_ws/install/turtlebot3:/home/tema/turtlebot3_ws/install/turtlebot3_bringup:/home/tema/turtlebot3_ws/install/turtlebot3_node:/home/tema/turtlebot3_ws/install/turtlebot3_navigation2:/home/tema/turtlebot3_ws/install/turtlebot3_cartographer:/home/tema/turtlebot3_ws/install/dynamixel_sdk_examples:/home/tema/turtlebot3_ws/install/dynamixel_sdk_custom_interfaces:/home/tema/turtlebot3_ws/install/dynamixel_sdk:/home/tema/turtlebot3_ws/install/turtlebot3_teleop:/home/tema/turtlebot3_ws/install/turtlebot3_example:/opt/ros/foxy PYTHONPATH=/home/tema/turtlebot3_ws/install/turtlebot3_msgs/lib/python3.8/site-packages:/home/tema/turtlebot3_ws/build/turtlebot3_teleop:/home/tema/turtlebot3_ws/install/turtlebot3_teleop/lib/python3.8/site-packages:/home/tema/turtlebot3_ws/build/turtlebot3_example:/home/tema/turtlebot3_ws/install/turtlebot3_example/lib/python3.8/site-packages:/home/tema/turtlebot3_ws/install/dynamixel_sdk_custom_interfaces/lib/python3.8/site-packages:/opt/ros/foxy/lib/python3.8/site-packages /usr/bin/cmake --build /home/tema/turtlebot3_ws/build/turtlebot3_simulations -- -j6 -l6
[1.453s] Invoked command in '/home/tema/turtlebot3_ws/build/turtlebot3_simulations' returned '0': AMENT_PREFIX_PATH=/home/tema/turtlebot3_ws/install/turtlebot3_gazebo:/home/tema/turtlebot3_ws/install/turtlebot3_fake_node:${AMENT_PREFIX_PATH} CMAKE_PREFIX_PATH=/home/tema/turtlebot3_ws/install/turtlebot3_gazebo:/home/tema/turtlebot3_ws/install/turtlebot3_fake_node:/home/tema/turtlebot3_ws/install/turtlebot3_msgs:/home/tema/turtlebot3_ws/install/turtlebot3_description:/home/tema/turtlebot3_ws/install/turtlebot3:/home/tema/turtlebot3_ws/install/turtlebot3_bringup:/home/tema/turtlebot3_ws/install/turtlebot3_node:/home/tema/turtlebot3_ws/install/turtlebot3_navigation2:/home/tema/turtlebot3_ws/install/turtlebot3_cartographer:/home/tema/turtlebot3_ws/install/dynamixel_sdk_examples:/home/tema/turtlebot3_ws/install/dynamixel_sdk_custom_interfaces:/home/tema/turtlebot3_ws/install/dynamixel_sdk:/home/tema/turtlebot3_ws/install/turtlebot3_teleop:/home/tema/turtlebot3_ws/install/turtlebot3_example:/opt/ros/foxy PYTHONPATH=/home/tema/turtlebot3_ws/install/turtlebot3_msgs/lib/python3.8/site-packages:/home/tema/turtlebot3_ws/build/turtlebot3_teleop:/home/tema/turtlebot3_ws/install/turtlebot3_teleop/lib/python3.8/site-packages:/home/tema/turtlebot3_ws/build/turtlebot3_example:/home/tema/turtlebot3_ws/install/turtlebot3_example/lib/python3.8/site-packages:/home/tema/turtlebot3_ws/install/dynamixel_sdk_custom_interfaces/lib/python3.8/site-packages:/opt/ros/foxy/lib/python3.8/site-packages /usr/bin/cmake --build /home/tema/turtlebot3_ws/build/turtlebot3_simulations -- -j6 -l6
[1.481s] Invoking command in '/home/tema/turtlebot3_ws/build/turtlebot3_simulations': AMENT_PREFIX_PATH=/home/tema/turtlebot3_ws/install/turtlebot3_gazebo:/home/tema/turtlebot3_ws/install/turtlebot3_fake_node:${AMENT_PREFIX_PATH} CMAKE_PREFIX_PATH=/home/tema/turtlebot3_ws/install/turtlebot3_gazebo:/home/tema/turtlebot3_ws/install/turtlebot3_fake_node:/home/tema/turtlebot3_ws/install/turtlebot3_msgs:/home/tema/turtlebot3_ws/install/turtlebot3_description:/home/tema/turtlebot3_ws/install/turtlebot3:/home/tema/turtlebot3_ws/install/turtlebot3_bringup:/home/tema/turtlebot3_ws/install/turtlebot3_node:/home/tema/turtlebot3_ws/install/turtlebot3_navigation2:/home/tema/turtlebot3_ws/install/turtlebot3_cartographer:/home/tema/turtlebot3_ws/install/dynamixel_sdk_examples:/home/tema/turtlebot3_ws/install/dynamixel_sdk_custom_interfaces:/home/tema/turtlebot3_ws/install/dynamixel_sdk:/home/tema/turtlebot3_ws/install/turtlebot3_teleop:/home/tema/turtlebot3_ws/install/turtlebot3_example:/opt/ros/foxy PYTHONPATH=/home/tema/turtlebot3_ws/install/turtlebot3_msgs/lib/python3.8/site-packages:/home/tema/turtlebot3_ws/build/turtlebot3_teleop:/home/tema/turtlebot3_ws/install/turtlebot3_teleop/lib/python3.8/site-packages:/home/tema/turtlebot3_ws/build/turtlebot3_example:/home/tema/turtlebot3_ws/install/turtlebot3_example/lib/python3.8/site-packages:/home/tema/turtlebot3_ws/install/dynamixel_sdk_custom_interfaces/lib/python3.8/site-packages:/opt/ros/foxy/lib/python3.8/site-packages /usr/bin/cmake --install /home/tema/turtlebot3_ws/build/turtlebot3_simulations
[1.488s] -- Install configuration: ""
[1.488s] -- Execute custom install script
[1.489s] -- Symlinking: /home/tema/turtlebot3_ws/install/turtlebot3_simulations/share/ament_index/resource_index/package_run_dependencies/turtlebot3_simulations
[1.501s] -- Symlinking: /home/tema/turtlebot3_ws/install/turtlebot3_simulations/share/ament_index/resource_index/parent_prefix_path/turtlebot3_simulations
[1.510s] -- Symlinking: /home/tema/turtlebot3_ws/install/turtlebot3_simulations/share/turtlebot3_simulations/environment/ament_prefix_path.sh
[1.528s] -- Symlinking: /home/tema/turtlebot3_ws/install/turtlebot3_simulations/share/turtlebot3_simulations/environment/ament_prefix_path.dsv
[1.537s] -- Symlinking: /home/tema/turtlebot3_ws/install/turtlebot3_simulations/share/turtlebot3_simulations/environment/path.sh
[1.548s] -- Symlinking: /home/tema/turtlebot3_ws/install/turtlebot3_simulations/share/turtlebot3_simulations/environment/path.dsv
[1.557s] -- Symlinking: /home/tema/turtlebot3_ws/install/turtlebot3_simulations/share/turtlebot3_simulations/local_setup.bash
[1.567s] -- Symlinking: /home/tema/turtlebot3_ws/install/turtlebot3_simulations/share/turtlebot3_simulations/local_setup.sh
[1.578s] -- Symlinking: /home/tema/turtlebot3_ws/install/turtlebot3_simulations/share/turtlebot3_simulations/local_setup.zsh
[1.591s] -- Symlinking: /home/tema/turtlebot3_ws/install/turtlebot3_simulations/share/turtlebot3_simulations/local_setup.dsv
[1.608s] -- Symlinking: /home/tema/turtlebot3_ws/install/turtlebot3_simulations/share/turtlebot3_simulations/package.dsv
[1.618s] -- Symlinking: /home/tema/turtlebot3_ws/install/turtlebot3_simulations/share/ament_index/resource_index/packages/turtlebot3_simulations
[1.628s] -- Symlinking: /home/tema/turtlebot3_ws/install/turtlebot3_simulations/share/turtlebot3_simulations/cmake/turtlebot3_simulationsConfig.cmake
[1.638s] -- Symlinking: /home/tema/turtlebot3_ws/install/turtlebot3_simulations/share/turtlebot3_simulations/cmake/turtlebot3_simulationsConfig-version.cmake
[1.648s] -- Symlinking: /home/tema/turtlebot3_ws/install/turtlebot3_simulations/share/turtlebot3_simulations/package.xml
[1.660s] Invoked command in '/home/tema/turtlebot3_ws/build/turtlebot3_simulations' returned '0': AMENT_PREFIX_PATH=/home/tema/turtlebot3_ws/install/turtlebot3_gazebo:/home/tema/turtlebot3_ws/install/turtlebot3_fake_node:${AMENT_PREFIX_PATH} CMAKE_PREFIX_PATH=/home/tema/turtlebot3_ws/install/turtlebot3_gazebo:/home/tema/turtlebot3_ws/install/turtlebot3_fake_node:/home/tema/turtlebot3_ws/install/turtlebot3_msgs:/home/tema/turtlebot3_ws/install/turtlebot3_description:/home/tema/turtlebot3_ws/install/turtlebot3:/home/tema/turtlebot3_ws/install/turtlebot3_bringup:/home/tema/turtlebot3_ws/install/turtlebot3_node:/home/tema/turtlebot3_ws/install/turtlebot3_navigation2:/home/tema/turtlebot3_ws/install/turtlebot3_cartographer:/home/tema/turtlebot3_ws/install/dynamixel_sdk_examples:/home/tema/turtlebot3_ws/install/dynamixel_sdk_custom_interfaces:/home/tema/turtlebot3_ws/install/dynamixel_sdk:/home/tema/turtlebot3_ws/install/turtlebot3_teleop:/home/tema/turtlebot3_ws/install/turtlebot3_example:/opt/ros/foxy PYTHONPATH=/home/tema/turtlebot3_ws/install/turtlebot3_msgs/lib/python3.8/site-packages:/home/tema/turtlebot3_ws/build/turtlebot3_teleop:/home/tema/turtlebot3_ws/install/turtlebot3_teleop/lib/python3.8/site-packages:/home/tema/turtlebot3_ws/build/turtlebot3_example:/home/tema/turtlebot3_ws/install/turtlebot3_example/lib/python3.8/site-packages:/home/tema/turtlebot3_ws/install/dynamixel_sdk_custom_interfaces/lib/python3.8/site-packages:/opt/ros/foxy/lib/python3.8/site-packages /usr/bin/cmake --install /home/tema/turtlebot3_ws/build/turtlebot3_simulations
