[3.161s] Invoking command in '/home/tema/turtlebot3_ws/build/turtlebot3_teleop': PYTHONPATH=/home/tema/turtlebot3_ws/build/turtlebot3_teleop/prefix_override:/home/tema/turtlebot3_ws/install/turtlebot3_teleop/lib/python3.8/site-packages:${PYTHONPATH} /usr/bin/python3 setup.py develop --editable --build-directory /home/tema/turtlebot3_ws/build/turtlebot3_teleop/build --no-deps install_data
[3.672s] running develop
[4.163s] running egg_info
[4.163s] creating turtlebot3_teleop.egg-info
[4.163s] writing turtlebot3_teleop.egg-info/PKG-INFO
[4.163s] writing dependency_links to turtlebot3_teleop.egg-info/dependency_links.txt
[4.163s] writing entry points to turtlebot3_teleop.egg-info/entry_points.txt
[4.163s] writing requirements to turtlebot3_teleop.egg-info/requires.txt
[4.163s] writing top-level names to turtlebot3_teleop.egg-info/top_level.txt
[4.166s] writing manifest file 'turtlebot3_teleop.egg-info/SOURCES.txt'
[4.262s] reading manifest file 'turtlebot3_teleop.egg-info/SOURCES.txt'
[4.262s] writing manifest file 'turtlebot3_teleop.egg-info/SOURCES.txt'
[4.350s] running build_ext
[4.358s] Creating /home/tema/turtlebot3_ws/install/turtlebot3_teleop/lib/python3.8/site-packages/site.py
[4.360s] Creating /home/tema/turtlebot3_ws/install/turtlebot3_teleop/lib/python3.8/site-packages/turtlebot3-teleop.egg-link (link to .)
[4.360s] Installing teleop_keyboard script to /home/tema/turtlebot3_ws/install/turtlebot3_teleop/lib/turtlebot3_teleop
[4.360s] 
[4.360s] Installed /home/tema/turtlebot3_ws/build/turtlebot3_teleop
[4.360s] running install_data
[4.361s] creating /home/tema/turtlebot3_ws/install/turtlebot3_teleop/share/ament_index
[4.361s] creating /home/tema/turtlebot3_ws/install/turtlebot3_teleop/share/ament_index/resource_index
[4.361s] creating /home/tema/turtlebot3_ws/install/turtlebot3_teleop/share/ament_index/resource_index/packages
[4.361s] copying resource/turtlebot3_teleop -> /home/tema/turtlebot3_ws/install/turtlebot3_teleop/share/ament_index/resource_index/packages
[4.370s] copying package.xml -> /home/tema/turtlebot3_ws/install/turtlebot3_teleop/share/turtlebot3_teleop
[4.481s] Invoked command in '/home/tema/turtlebot3_ws/build/turtlebot3_teleop' returned '0': PYTHONPATH=/home/tema/turtlebot3_ws/build/turtlebot3_teleop/prefix_override:/home/tema/turtlebot3_ws/install/turtlebot3_teleop/lib/python3.8/site-packages:${PYTHONPATH} /usr/bin/python3 setup.py develop --editable --build-directory /home/tema/turtlebot3_ws/build/turtlebot3_teleop/build --no-deps install_data
